#
# A fatal error has been detected by the Java Runtime Environment:
#
#  SIGSEGV (0xb) at pc=0x00007f5294b923e4, pid=8969, tid=9009
#
# JRE version: OpenJDK Runtime Environment (17.0.7+7) (build 17.0.7+7-Ubuntu-0ubuntu123.04)
# Java VM: OpenJDK 64-Bit Server VM (17.0.7+7-Ubuntu-0ubuntu123.04, mixed mode, sharing, tiered, compressed oops, compressed class ptrs, g1 gc, linux-amd64)
# Problematic frame:
# V  [libjvm.so+0x5923e4]  AccessInternal::PostRuntimeDispatch<G1BarrierSet::AccessBarrier<594020ul, G1BarrierSet>, (AccessInternal::BarrierType)2, 594020ul>::oop_access_barrier(void*)+0x4
#
# Core dump will be written. Default location: Core dumps may be processed with "/usr/share/apport/apport -p%p -s%s -c%c -d%d -P%P -u%u -g%g -- %E" (or dumping to /home/antonio/Programming/Scala/Typelevel/fs2-io_uring/core.8969)
#
# If you would like to submit a bug report, please visit:
#   Unknown
#

---------------  S U M M A R Y ------------

Command Line: -agentlib:jdwp=transport=dt_socket,server=y,suspend=y,quiet=n -Duser.dir=/home/antonio/Programming/Scala/Typelevel/fs2-io_uring sbt.ForkMain 33543

Host: Intel(R) Core(TM) i7-8550U CPU @ 1.80GHz, 8 cores, 15G, Ubuntu 23.04
Time: Tue Aug  8 13:41:27 2023 CEST elapsed time: 11.994800 seconds (0d 0h 0m 11s)

---------------  T H R E A D  ---------------

Current thread (0x00007f521453bfc0):  JavaThread "io-compute-1" daemon [_thread_in_vm, id=9009, stack(0x00007f5249f1b000,0x00007f524a01b000)]

Stack: [0x00007f5249f1b000,0x00007f524a01b000],  sp=0x00007f524a018828,  free space=1014k
Native frames: (J=compiled Java code, j=interpreted, Vv=VM code, C=native code)
V  [libjvm.so+0x5923e4]  AccessInternal::PostRuntimeDispatch<G1BarrierSet::AccessBarrier<594020ul, G1BarrierSet>, (AccessInternal::BarrierType)2, 594020ul>::oop_access_barrier(void*)+0x4
V  [libjvm.so+0xe881a4]  SystemDictionary::resolve_instance_class_or_null(Symbol*, Handle, Handle, JavaThread*)+0x134
V  [libjvm.so+0xe89f46]  SystemDictionary::resolve_or_fail(Symbol*, Handle, Handle, bool, JavaThread*)+0x66
V  [libjvm.so+0x602cc9]  ConstantPool::klass_at_impl(constantPoolHandle const&, int, JavaThread*)+0x139
V  [libjvm.so+0x603a0a]  ConstantPool::klass_ref_at(int, JavaThread*)+0x7a
V  [libjvm.so+0xa948f9]  LinkInfo::LinkInfo(constantPoolHandle const&, int, JavaThread*)+0x39
V  [libjvm.so+0xa9b19f]  LinkResolver::resolve_invoke(CallInfo&, Handle, constantPoolHandle const&, int, Bytecodes::Code, JavaThread*)+0x1df
V  [libjvm.so+0x82c947]  InterpreterRuntime::resolve_invoke(JavaThread*, Bytecodes::Code)+0x177
V  [libjvm.so+0x82ce67]  InterpreterRuntime::resolve_from_cache(JavaThread*, Bytecodes::Code)+0x37
j  fs2.Stream$NestedStreamOps$.onOutcome$1(Lcats/effect/kernel/Outcome;Lscala/util/Either;Lfs2/concurrent/Channel;Lcats/effect/kernel/GenConcurrent;Lfs2/concurrent/SignallingRef;)Ljava/lang/Object;+85
j  fs2.Stream$NestedStreamOps$.$anonfun$parJoin$25(Lcats/effect/kernel/Outcome;Lcats/effect/kernel/GenConcurrent;Lfs2/concurrent/Channel;Lfs2/concurrent/SignallingRef;Lcats/effect/kernel/Outcome;)Ljava/lang/Object;+77
j  fs2.Stream$NestedStreamOps$$$Lambda$682+0x000000080136f5d8.apply(Ljava/lang/Object;)Ljava/lang/Object;+20
j  cats.effect.IO.$anonfun$guaranteeCase$6(Lscala/Function1;Ljava/lang/Object;)Lcats/effect/IO;+17
j  cats.effect.IO$$Lambda$302+0x000000080125ee68.apply(Ljava/lang/Object;)Ljava/lang/Object;+5
j  cats.effect.IO.$anonfun$flatTap$1(Lscala/Function1;Ljava/lang/Object;)Lcats/effect/IO;+2
j  cats.effect.IO$$Lambda$303+0x000000080125f238.apply(Ljava/lang/Object;)Ljava/lang/Object;+5
J 1746 c1 cats.effect.IOFiber.succeeded(Ljava/lang/Object;I)Lcats/effect/IO; (420 bytes) @ 0x00007f527975a764 [0x00007f52797593a0+0x00000000000013c4]
j  cats.effect.IOFiber.runLoop(Lcats/effect/IO;II)V+262
j  cats.effect.IOFiber.asyncContinueSuccessfulR()V+29
j  cats.effect.IOFiber.run()V+66
J 1768% c1 cats.effect.unsafe.WorkerThread.run()V (1765 bytes) @ 0x00007f5279764f74 [0x00007f5279762220+0x0000000000002d54]
v  ~StubRoutines::call_stub
V  [libjvm.so+0x831c02]  JavaCalls::call_helper(JavaValue*, methodHandle const&, JavaCallArguments*, JavaThread*)+0x302
V  [libjvm.so+0x8332d2]  JavaCalls::call_virtual(JavaValue*, Handle, Klass*, Symbol*, Symbol*, JavaThread*)+0x1a2
V  [libjvm.so+0x8fb417]  thread_entry(JavaThread*, JavaThread*)+0xa7
V  [libjvm.so+0xed302e]  JavaThread::thread_main_inner()+0xce
V  [libjvm.so+0xed675f]  Thread::call_run()+0xbf
V  [libjvm.so+0xc2d5c9]  thread_native_entry(Thread*)+0xe9

Java frames: (J=compiled Java code, j=interpreted, Vv=VM code)
j  fs2.Stream$NestedStreamOps$.onOutcome$1(Lcats/effect/kernel/Outcome;Lscala/util/Either;Lfs2/concurrent/Channel;Lcats/effect/kernel/GenConcurrent;Lfs2/concurrent/SignallingRef;)Ljava/lang/Object;+85
j  fs2.Stream$NestedStreamOps$.$anonfun$parJoin$25(Lcats/effect/kernel/Outcome;Lcats/effect/kernel/GenConcurrent;Lfs2/concurrent/Channel;Lfs2/concurrent/SignallingRef;Lcats/effect/kernel/Outcome;)Ljava/lang/Object;+77
j  fs2.Stream$NestedStreamOps$$$Lambda$682+0x000000080136f5d8.apply(Ljava/lang/Object;)Ljava/lang/Object;+20
j  cats.effect.IO.$anonfun$guaranteeCase$6(Lscala/Function1;Ljava/lang/Object;)Lcats/effect/IO;+17
j  cats.effect.IO$$Lambda$302+0x000000080125ee68.apply(Ljava/lang/Object;)Ljava/lang/Object;+5
j  cats.effect.IO.$anonfun$flatTap$1(Lscala/Function1;Ljava/lang/Object;)Lcats/effect/IO;+2
j  cats.effect.IO$$Lambda$303+0x000000080125f238.apply(Ljava/lang/Object;)Ljava/lang/Object;+5
J 1746 c1 cats.effect.IOFiber.succeeded(Ljava/lang/Object;I)Lcats/effect/IO; (420 bytes) @ 0x00007f527975a764 [0x00007f52797593a0+0x00000000000013c4]
j  cats.effect.IOFiber.runLoop(Lcats/effect/IO;II)V+262
j  cats.effect.IOFiber.asyncContinueSuccessfulR()V+29
j  cats.effect.IOFiber.run()V+66
J 1768% c1 cats.effect.unsafe.WorkerThread.run()V (1765 bytes) @ 0x00007f5279764f74 [0x00007f5279762220+0x0000000000002d54]
v  ~StubRoutines::call_stub

siginfo: si_signo: 11 (SIGSEGV), si_code: 1 (SEGV_MAPERR), si_addr: 0x0000000000001000

Register to memory mapping:

RAX=0x00007f5200000010 points into unknown readable memory: 0x0000000000021000 | 00 10 02 00 00 00 00 00
RBX=0x00007f52140f3900 points into unknown readable memory: 0x00007f526e73ea9e | 9e ea 73 6e 52 7f 00 00
RCX=0x0000000000000003 is an unknown value
RDX=0x00007f5295912330: <offset 0x0000000001312330> in /usr/lib/jvm/java-17-openjdk-amd64/lib/server/libjvm.so at 0x00007f5294600000
RSP=0x00007f524a018828 is pointing into the stack for thread: 0x00007f521453bfc0
RBP=0x00007f524a018850 is pointing into the stack for thread: 0x00007f521453bfc0
RSI=0x0000000000000060 is an unknown value
RDI=0x0000000000001000 is an unknown value
R8 =0x00007f5214034430 points into unknown readable memory: 0x63730010ea9e003b | 3b 00 9e ea 10 00 73 63
R9 =0x00007f521453bfc0 is a thread
R10=0x00007f5295c10000 points into unknown readable memory: 0x0100050403020100 | 00 01 02 03 04 05 00 01
R11=0x0000000000000001 is an unknown value
R12=0x00007f524c00c900 points into unknown readable memory: 0x00007f5200000010 | 10 00 00 00 52 7f 00 00
R13=0x000000070860fac8 is an oop: java.security.ProtectionDomain 
{0x000000070860fac8} - klass: 'java/security/ProtectionDomain'
 - ---- fields (total size 5 words):
 - private 'hasAllPerm' 'Z' @12  false
 - private final 'staticPermissions' 'Z' @13  false
 - private 'codesource' 'Ljava/security/CodeSource;' @16  a 'java/security/CodeSource'{0x000000070860faf0} (e10c1f5e)
 - private 'classloader' 'Ljava/lang/ClassLoader;' @20  a 'jdk/internal/loader/ClassLoaders$AppClassLoader'{0x00000007ffd59e70} (fffab3ce)
 - private 'principals' '[Ljava/security/Principal;' @24  a 'java/security/Principal'[0] {0x000000070860fc90} (e10c1f92)
 - private 'permissions' 'Ljava/security/PermissionCollection;' @28  a 'sun/security/util/LazyCodeSourcePermissionCollection'{0x000000070860fca0} (e10c1f94)
 - final 'key' 'Ljava/security/ProtectionDomain$Key;' @32  a 'java/security/ProtectionDomain$Key'{0x000000070860fe60} (e10c1fcc)
R14=0x00007f5290193210 points into unknown readable memory: 0x00007f5290165008 | 08 50 16 90 52 7f 00 00
R15=0x00007f521453c5d0 points into unknown readable memory: 0x00000007ffd59e70 | 70 9e d5 ff 07 00 00 00


Registers:
RAX=0x00007f5200000010, RBX=0x00007f52140f3900, RCX=0x0000000000000003, RDX=0x00007f5295912330
RSP=0x00007f524a018828, RBP=0x00007f524a018850, RSI=0x0000000000000060, RDI=0x0000000000001000
R8 =0x00007f5214034430, R9 =0x00007f521453bfc0, R10=0x00007f5295c10000, R11=0x0000000000000001
R12=0x00007f524c00c900, R13=0x000000070860fac8, R14=0x00007f5290193210, R15=0x00007f521453c5d0
RIP=0x00007f5294b923e4, EFLAGS=0x0000000000010206, CSGSFS=0x002b000000000033, ERR=0x0000000000000004
  TRAPNO=0x000000000000000e

Top of Stack: (sp=0x00007f524a018828)
0x00007f524a018828:   00007f5294c8ffb8 00007f524a018850
0x00007f524a018838:   00007f5214034430 00007f521453bfc0
0x00007f524a018848:   00007f521453c5e0 00007f524a018980
0x00007f524a018858:   00007f52954881a4 00007f524a018b10 

Instructions: (pc=0x00007f5294b923e4)
0x00007f5294b922e4:   01 eb df 66 0f 1f 84 00 00 00 00 00 f3 0f 1e fa
0x00007f5294b922f4:   31 c0 c3 66 0f 1f 84 00 00 00 00 00 f3 0f 1e fa
0x00007f5294b92304:   48 8b 07 c3 0f 1f 84 00 00 00 00 00 f3 0f 1e fa
0x00007f5294b92314:   48 8b 07 c3 0f 1f 84 00 00 00 00 00 f3 0f 1e fa
0x00007f5294b92324:   48 8b 07 c3 0f 1f 84 00 00 00 00 00 f3 0f 1e fa
0x00007f5294b92334:   48 8b 07 c3 0f 1f 84 00 00 00 00 00 f3 0f 1e fa
0x00007f5294b92344:   48 8b 07 c3 0f 1f 84 00 00 00 00 00 f3 0f 1e fa
0x00007f5294b92354:   48 8b 07 c3 0f 1f 84 00 00 00 00 00 f3 0f 1e fa
0x00007f5294b92364:   48 89 37 c3 0f 1f 84 00 00 00 00 00 f3 0f 1e fa
0x00007f5294b92374:   48 89 37 c3 0f 1f 84 00 00 00 00 00 f3 0f 1e fa
0x00007f5294b92384:   48 89 37 c3 0f 1f 84 00 00 00 00 00 f3 0f 1e fa
0x00007f5294b92394:   48 89 37 c3 0f 1f 84 00 00 00 00 00 f3 0f 1e fa
0x00007f5294b923a4:   48 89 37 c3 0f 1f 84 00 00 00 00 00 f3 0f 1e fa
0x00007f5294b923b4:   48 89 37 c3 0f 1f 84 00 00 00 00 00 f3 0f 1e fa
0x00007f5294b923c4:   48 8b 07 c3 0f 1f 84 00 00 00 00 00 f3 0f 1e fa
0x00007f5294b923d4:   48 8b 07 c3 0f 1f 84 00 00 00 00 00 f3 0f 1e fa
0x00007f5294b923e4:   48 8b 07 c3 0f 1f 84 00 00 00 00 00 f3 0f 1e fa
0x00007f5294b923f4:   48 8b 07 c3 0f 1f 84 00 00 00 00 00 f3 0f 1e fa
0x00007f5294b92404:   48 8b 07 c3 0f 1f 84 00 00 00 00 00 f3 0f 1e fa
0x00007f5294b92414:   48 8b 07 c3 0f 1f 84 00 00 00 00 00 f3 0f 1e fa
0x00007f5294b92424:   48 89 37 c3 0f 1f 84 00 00 00 00 00 f3 0f 1e fa
0x00007f5294b92434:   48 89 37 c3 0f 1f 84 00 00 00 00 00 f3 0f 1e fa
0x00007f5294b92444:   48 89 37 c3 0f 1f 84 00 00 00 00 00 f3 0f 1e fa
0x00007f5294b92454:   48 89 37 c3 0f 1f 84 00 00 00 00 00 f3 0f 1e fa
0x00007f5294b92464:   48 89 37 c3 0f 1f 84 00 00 00 00 00 f3 0f 1e fa
0x00007f5294b92474:   48 89 37 c3 0f 1f 84 00 00 00 00 00 f3 0f 1e fa
0x00007f5294b92484:   48 89 37 c3 0f 1f 84 00 00 00 00 00 f3 0f 1e fa
0x00007f5294b92494:   48 89 37 c3 0f 1f 84 00 00 00 00 00 f3 0f 1e fa
0x00007f5294b924a4:   55 48 89 e5 41 54 49 89 f4 53 48 89 fb 48 8b 3f
0x00007f5294b924b4:   48 85 ff 74 05 e8 e2 45 14 00 4c 89 23 5b 41 5c
0x00007f5294b924c4:   5d c3 66 2e 0f 1f 84 00 00 00 00 00 f3 0f 1e fa
0x00007f5294b924d4:   55 48 89 e5 41 54 49 89 f4 53 48 89 fb 48 8b 3f 


Stack slot to memory mapping:
stack at sp + 0 slots: 0x00007f5294c8ffb8: <offset 0x000000000068ffb8> in /usr/lib/jvm/java-17-openjdk-amd64/lib/server/libjvm.so at 0x00007f5294600000
stack at sp + 1 slots: 0x00007f524a018850 is pointing into the stack for thread: 0x00007f521453bfc0
stack at sp + 2 slots: 0x00007f5214034430 points into unknown readable memory: 0x63730010ea9e003b | 3b 00 9e ea 10 00 73 63
stack at sp + 3 slots: 0x00007f521453bfc0 is a thread
stack at sp + 4 slots: 0x00007f521453c5e0 points into unknown readable memory: 0x00000007ffd59e70 | 70 9e d5 ff 07 00 00 00
stack at sp + 5 slots: 0x00007f524a018980 is pointing into the stack for thread: 0x00007f521453bfc0
stack at sp + 6 slots: 0x00007f52954881a4: <offset 0x0000000000e881a4> in /usr/lib/jvm/java-17-openjdk-amd64/lib/server/libjvm.so at 0x00007f5294600000
stack at sp + 7 slots: 0x00007f524a018b10 is pointing into the stack for thread: 0x00007f521453bfc0


---------------  P R O C E S S  ---------------

Threads class SMR info:
_java_thread_list=0x00007f5234390650, length=27, elements={
0x00007f5290015d20, 0x00007f5290179870, 0x00007f529017ac50, 0x00007f52901801d0,
0x00007f5290181580, 0x00007f5290182990, 0x00007f5290184340, 0x00007f5290185870,
0x00007f529018ecd0, 0x00007f52901a76b0, 0x00007f52901ab290, 0x00007f522c001140,
0x00007f52901ac250, 0x00007f52901b10a0, 0x00007f529037c7f0, 0x00007f521453b510,
0x00007f521453bfc0, 0x00007f521453cf70, 0x00007f521453de80, 0x00007f521453f230,
0x00007f5214540530, 0x00007f52145418f0, 0x00007f5214542800, 0x00007f51f0006af0,
0x00007f523020de90, 0x00007f51ec003790, 0x00007f523438f6f0
}

Java Threads: ( => current thread )
  0x00007f5290015d20 JavaThread "main" [_thread_blocked, id=8972, stack(0x00007f5294100000,0x00007f5294200000)]
  0x00007f5290179870 JavaThread "Reference Handler" daemon [_thread_blocked, id=8979, stack(0x00007f526c865000,0x00007f526c965000)]
  0x00007f529017ac50 JavaThread "Finalizer" daemon [_thread_blocked, id=8980, stack(0x00007f526c765000,0x00007f526c865000)]
  0x00007f52901801d0 JavaThread "Signal Dispatcher" daemon [_thread_blocked, id=8981, stack(0x00007f526c665000,0x00007f526c765000)]
  0x00007f5290181580 JavaThread "Service Thread" daemon [_thread_blocked, id=8982, stack(0x00007f526c565000,0x00007f526c665000)]
  0x00007f5290182990 JavaThread "Monitor Deflation Thread" daemon [_thread_blocked, id=8983, stack(0x00007f526c465000,0x00007f526c565000)]
  0x00007f5290184340 JavaThread "C2 CompilerThread0" daemon [_thread_blocked, id=8984, stack(0x00007f526c365000,0x00007f526c465000)]
  0x00007f5290185870 JavaThread "C1 CompilerThread0" daemon [_thread_blocked, id=8985, stack(0x00007f526c265000,0x00007f526c365000)]
  0x00007f529018ecd0 JavaThread "Sweeper thread" daemon [_thread_blocked, id=8986, stack(0x00007f526c165000,0x00007f526c265000)]
  0x00007f52901a76b0 JavaThread "JDWP Transport Listener: dt_socket" daemon [_thread_blocked, id=8987, stack(0x00007f526c065000,0x00007f526c165000)]
  0x00007f52901ab290 JavaThread "JDWP Event Helper Thread" daemon [_thread_blocked, id=8988, stack(0x00007f524b100000,0x00007f524b200000)]
  0x00007f522c001140 JavaThread "JDWP Command Reader" daemon [_thread_in_native, id=8993, stack(0x00007f524b000000,0x00007f524b100000)]
  0x00007f52901ac250 JavaThread "Notification Thread" daemon [_thread_blocked, id=8996, stack(0x00007f524af00000,0x00007f524b000000)]
  0x00007f52901b10a0 JavaThread "Common-Cleaner" daemon [_thread_blocked, id=8998, stack(0x00007f524acfe000,0x00007f524adfe000)]
  0x00007f529037c7f0 JavaThread "pool-1-thread-1" [_thread_blocked, id=9000, stack(0x00007f524abfe000,0x00007f524acfe000)]
  0x00007f521453b510 JavaThread "io-compute-blocker-0" daemon [_thread_blocked, id=9008, stack(0x00007f524a01b000,0x00007f524a11b000)]
=>0x00007f521453bfc0 JavaThread "io-compute-1" daemon [_thread_in_vm, id=9009, stack(0x00007f5249f1b000,0x00007f524a01b000)]
  0x00007f521453cf70 JavaThread "io-compute-6" daemon [_thread_in_native, id=9010, stack(0x00007f5249e1b000,0x00007f5249f1b000)]
  0x00007f521453de80 JavaThread "io-compute-2" daemon [_thread_blocked, id=9011, stack(0x00007f5249d1b000,0x00007f5249e1b000)]
  0x00007f521453f230 JavaThread "io-compute-4" daemon [_thread_in_native, id=9012, stack(0x00007f5249c1b000,0x00007f5249d1b000)]
  0x00007f5214540530 JavaThread "io-compute-5" daemon [_thread_blocked, id=9013, stack(0x00007f5249b1b000,0x00007f5249c1b000)]
  0x00007f52145418f0 JavaThread "io-compute-0" daemon [_thread_blocked, id=9014, stack(0x00007f5249a1b000,0x00007f5249b1b000)]
  0x00007f5214542800 JavaThread "io-compute-7" daemon [_thread_blocked, id=9015, stack(0x00007f524991b000,0x00007f5249a1b000)]
  0x00007f51f0006af0 JavaThread "pool-2-thread-1" [_thread_blocked, id=9019, stack(0x00007f524a5f4000,0x00007f524a6f4000)]
  0x00007f523020de90 JavaThread "C2 CompilerThread1" daemon [_thread_blocked, id=9023, stack(0x00007f524981b000,0x00007f524991b000)]
  0x00007f51ec003790 JavaThread "io-compute-3" daemon [_thread_in_native, id=9024, stack(0x00007f5249415000,0x00007f5249515000)]
  0x00007f523438f6f0 JavaThread "C2 CompilerThread2" daemon [_thread_blocked, id=9025, stack(0x00007f5249315000,0x00007f5249415000)]

Other Threads:
  0x00007f52901758f0 VMThread "VM Thread" [stack: 0x00007f526c967000,0x00007f526ca67000] [id=8978] _threads_hazard_ptr=0x00007f5234390650
  0x00007f52901adaa0 WatcherThread [stack: 0x00007f524ae00000,0x00007f524af00000] [id=8997]
  0x00007f5290080fb0 GCTaskThread "GC Thread#0" [stack: 0x00007f526f7cb000,0x00007f526f8cb000] [id=8973]
  0x00007f524c005f90 GCTaskThread "GC Thread#1" [stack: 0x00007f524aafe000,0x00007f524abfe000] [id=9001]
  0x00007f524c0069c0 GCTaskThread "GC Thread#2" [stack: 0x00007f524a9fc000,0x00007f524aafc000] [id=9002]
  0x00007f524c0073f0 GCTaskThread "GC Thread#3" [stack: 0x00007f524a8fa000,0x00007f524a9fa000] [id=9003]
  0x00007f524c007e20 GCTaskThread "GC Thread#4" [stack: 0x00007f524a7f8000,0x00007f524a8f8000] [id=9004]
  0x00007f524c008850 GCTaskThread "GC Thread#5" [stack: 0x00007f524a6f6000,0x00007f524a7f6000] [id=9005]
  0x00007f524c00c9d0 GCTaskThread "GC Thread#6" [stack: 0x00007f524971b000,0x00007f524981b000] [id=9017]
  0x00007f524c00cfa0 GCTaskThread "GC Thread#7" [stack: 0x00007f5249619000,0x00007f5249719000] [id=9018]
  0x00007f5290091d10 ConcurrentGCThread "G1 Main Marker" [stack: 0x00007f526f6c9000,0x00007f526f7c9000] [id=8974]
  0x00007f5290092c00 ConcurrentGCThread "G1 Conc#0" [stack: 0x00007f526f5c7000,0x00007f526f6c7000] [id=8975]
  0x00007f5260000ea0 ConcurrentGCThread "G1 Conc#1" [stack: 0x00007f5249517000,0x00007f5249617000] [id=9021]
  0x00007f5290146590 ConcurrentGCThread "G1 Refine#0" [stack: 0x00007f526ccbd000,0x00007f526cdbd000] [id=8976]
  0x00007f5290147480 ConcurrentGCThread "G1 Service" [stack: 0x00007f526cbbb000,0x00007f526ccbb000] [id=8977]

Threads with active compile tasks:
C2 CompilerThread0    12047 1809       4       java.lang.invoke.MethodType::makeImpl (109 bytes)
C1 CompilerThread0    12048 1940   !   3       cats.effect.IOFiber::runLoop (3533 bytes)
C2 CompilerThread1    12048 1783 % !   4       cats.effect.unsafe.WorkerThread::run @ 44 (1765 bytes)
C2 CompilerThread2    12048 2018   !   4       java.lang.ref.ReferenceQueue::poll (28 bytes)

VM state: synchronizing (normal execution)

VM Mutex/Monitor currently owned by a thread:  ([mutex/lock_event])
[0x00007f5290012a90] Threads_lock - owner thread: 0x00007f52901758f0

Heap address: 0x0000000708200000, size: 3966 MB, Compressed Oops mode: Zero based, Oop shift amount: 3

CDS archive(s) mapped at: [0x0000000800000000-0x0000000800be2000-0x0000000800be2000), size 12460032, SharedBaseAddress: 0x0000000800000000, ArchiveRelocationMode: 0.
Compressed class space mapped at: 0x0000000801000000-0x0000000841000000, reserved size: 1073741824
Narrow klass base: 0x0000000800000000, Narrow klass shift: 0, Narrow klass range: 0x100000000

GC Precious Log:
 CPUs: 8 total, 8 available
 Memory: 15860M
 Large Page Support: Disabled
 NUMA Support: Disabled
 Compressed Oops: Enabled (Zero based)
 Heap Region Size: 2M
 Heap Min Capacity: 8M
 Heap Initial Capacity: 248M
 Heap Max Capacity: 3966M
 Pre-touch: Disabled
 Parallel Workers: 8
 Concurrent Workers: 2
 Concurrent Refinement Workers: 8
 Periodic GC: Disabled

Heap:
 garbage-first heap   total 49152K, used 16110K [0x0000000708200000, 0x0000000800000000)
  region size 2048K, 9 young (18432K), 3 survivors (6144K)
 Metaspace       used 29626K, committed 30016K, reserved 1114112K
  class space    used 3307K, committed 3456K, reserved 1048576K

Heap Regions: E=young(eden), S=young(survivor), O=old, HS=humongous(starts), HC=humongous(continues), CS=collection set, F=free, OA=open archive, CA=closed archive, TAMS=top-at-mark-start (previous, next)
|   0|0x0000000708200000, 0x00000007083c3838, 0x0000000708400000| 88%| S|CS|TAMS 0x0000000708200000, 0x0000000708200000| Complete 
|   1|0x0000000708400000, 0x0000000708600000, 0x0000000708600000|100%| S|CS|TAMS 0x0000000708400000, 0x0000000708400000| Complete 
|   2|0x0000000708600000, 0x0000000708800000, 0x0000000708800000|100%| S|CS|TAMS 0x0000000708600000, 0x0000000708600000| Complete 
|   3|0x0000000708800000, 0x0000000708800000, 0x0000000708a00000|  0%| F|  |TAMS 0x0000000708800000, 0x0000000708800000| Untracked 
|   4|0x0000000708a00000, 0x0000000708a00000, 0x0000000708c00000|  0%| F|  |TAMS 0x0000000708a00000, 0x0000000708a00000| Untracked 
|   5|0x0000000708c00000, 0x0000000708c00000, 0x0000000708e00000|  0%| F|  |TAMS 0x0000000708c00000, 0x0000000708c00000| Untracked 
|   6|0x0000000708e00000, 0x0000000708e00000, 0x0000000709000000|  0%| F|  |TAMS 0x0000000708e00000, 0x0000000708e00000| Untracked 
|   7|0x0000000709000000, 0x0000000709000000, 0x0000000709200000|  0%| F|  |TAMS 0x0000000709000000, 0x0000000709000000| Untracked 
|   8|0x0000000709200000, 0x0000000709200000, 0x0000000709400000|  0%| F|  |TAMS 0x0000000709200000, 0x0000000709200000| Untracked 
|   9|0x0000000709400000, 0x0000000709400000, 0x0000000709600000|  0%| F|  |TAMS 0x0000000709400000, 0x0000000709400000| Untracked 
|  10|0x0000000709600000, 0x0000000709600000, 0x0000000709800000|  0%| F|  |TAMS 0x0000000709600000, 0x0000000709600000| Untracked 
|  11|0x0000000709800000, 0x0000000709800000, 0x0000000709a00000|  0%| F|  |TAMS 0x0000000709800000, 0x0000000709800000| Untracked 
|  12|0x0000000709a00000, 0x0000000709a00000, 0x0000000709c00000|  0%| F|  |TAMS 0x0000000709a00000, 0x0000000709a00000| Untracked 
|  13|0x0000000709c00000, 0x0000000709c00000, 0x0000000709e00000|  0%| F|  |TAMS 0x0000000709c00000, 0x0000000709c00000| Untracked 
|  14|0x0000000709e00000, 0x0000000709e00000, 0x000000070a000000|  0%| F|  |TAMS 0x0000000709e00000, 0x0000000709e00000| Untracked 
|  15|0x000000070a000000, 0x000000070a000000, 0x000000070a200000|  0%| F|  |TAMS 0x000000070a000000, 0x000000070a000000| Untracked 
|  16|0x000000070a200000, 0x000000070a35a460, 0x000000070a400000| 67%| E|  |TAMS 0x000000070a200000, 0x000000070a200000| Complete 
| 110|0x0000000715e00000, 0x0000000716000000, 0x0000000716000000|100%| E|CS|TAMS 0x0000000715e00000, 0x0000000715e00000| Complete 
| 111|0x0000000716000000, 0x0000000716200000, 0x0000000716200000|100%| E|CS|TAMS 0x0000000716000000, 0x0000000716000000| Complete 
| 112|0x0000000716200000, 0x0000000716400000, 0x0000000716400000|100%| E|  |TAMS 0x0000000716200000, 0x0000000716200000| Complete 
| 122|0x0000000717600000, 0x0000000717800000, 0x0000000717800000|100%| E|CS|TAMS 0x0000000717600000, 0x0000000717600000| Complete 
| 123|0x0000000717800000, 0x0000000717a00000, 0x0000000717a00000|100%| E|CS|TAMS 0x0000000717800000, 0x0000000717800000| Complete 
|1981|0x00000007ffc00000, 0x00000007ffd76000, 0x00000007ffe00000| 73%|OA|  |TAMS 0x00000007ffd76000, 0x00000007ffc00000| Untracked 
|1982|0x00000007ffe00000, 0x00000007ffe82000, 0x0000000800000000| 25%|CA|  |TAMS 0x00000007ffe82000, 0x00000007ffe00000| Untracked 

Card table byte_map: [0x00007f5277c7a000,0x00007f5278439000] _byte_map_base: 0x00007f5274439000

Marking Bits (Prev, Next): (CMBitMap*) 0x00007f5290081a00, (CMBitMap*) 0x00007f52900819c0
 Prev Bits: [0x00007f526f8cb000, 0x00007f52736c3000)
 Next Bits: [0x00007f52736c3000, 0x00007f52774bb000)

Polling page: 0x00007f5295caf000

Metaspace:

Usage:
  Non-class:     25.70 MB used.
      Class:      3.23 MB used.
       Both:     28.93 MB used.

Virtual space:
  Non-class space:       64.00 MB reserved,      25.94 MB ( 41%) committed,  1 nodes.
      Class space:        1.00 GB reserved,       3.38 MB ( <1%) committed,  1 nodes.
             Both:        1.06 GB reserved,      29.31 MB (  3%) committed. 

Chunk freelists:
   Non-Class:  5.67 MB
       Class:  12.45 MB
        Both:  18.12 MB

MaxMetaspaceSize: unlimited
CompressedClassSpaceSize: 1.00 GB
Initial GC threshold: 21.00 MB
Current GC threshold: 35.12 MB
CDS: on
MetaspaceReclaimPolicy: balanced
 - commit_granule_bytes: 65536.
 - commit_granule_words: 8192.
 - virtual_space_node_default_size: 8388608.
 - enlarge_chunks_in_place: 1.
 - new_chunks_are_fully_committed: 0.
 - uncommit_free_chunks: 1.
 - use_allocation_guard: 0.
 - handle_deallocations: 1.


Internal statistics:

num_allocs_failed_limit: 3.
num_arena_births: 432.
num_arena_deaths: 0.
num_vsnodes_births: 2.
num_vsnodes_deaths: 0.
num_space_committed: 469.
num_space_uncommitted: 0.
num_chunks_returned_to_freelist: 3.
num_chunks_taken_from_freelist: 1438.
num_chunk_merges: 3.
num_chunk_splits: 1034.
num_chunks_enlarged: 816.
num_inconsistent_stats: 0.

CodeHeap 'non-profiled nmethods': size=120028Kb used=1078Kb max_used=1078Kb free=118949Kb
 bounds [0x00007f5280ec9000, 0x00007f5281139000, 0x00007f5288400000]
CodeHeap 'profiled nmethods': size=120028Kb used=3792Kb max_used=3792Kb free=116235Kb
 bounds [0x00007f5279400000, 0x00007f52797c0000, 0x00007f5280937000]
CodeHeap 'non-nmethods': size=5704Kb used=1349Kb max_used=1375Kb free=4354Kb
 bounds [0x00007f5280937000, 0x00007f5280ba7000, 0x00007f5280ec9000]
 total_blobs=2552 nmethods=1927 adapters=539
 compilation: enabled
              stopped_count=0, restarted_count=0
 full_count=0

Compilation events (20 events):
Event: 11.759 Thread 0x00007f5290184340 nmethod 1888 0x00007f5280fd1810 code [0x00007f5280fd1a00, 0x00007f5280fd2478]
Event: 11.759 Thread 0x00007f5290184340 1968       4       cats.effect.IOFiber::shouldFinalize (20 bytes)
Event: 11.761 Thread 0x00007f5290184340 nmethod 1968 0x00007f5280fd3010 code [0x00007f5280fd31a0, 0x00007f5280fd3268]
Event: 11.761 Thread 0x00007f5290184340 1809       4       java.lang.invoke.MethodType::makeImpl (109 bytes)
Event: 11.790 Thread 0x00007f523438f6f0 nmethod 1839 0x00007f5280fd3310 code [0x00007f5280fd34e0, 0x00007f5280fd4138]
Event: 11.790 Thread 0x00007f523438f6f0 1981       4       java.lang.Object::equals (11 bytes)
Event: 11.791 Thread 0x00007f523438f6f0 nmethod 1981 0x00007f5280fd4790 code [0x00007f5280fd4900, 0x00007f5280fd4998]
Event: 11.791 Thread 0x00007f523438f6f0 1977       4       scala.Option::foreach (20 bytes)
Event: 11.812 Thread 0x00007f523438f6f0 nmethod 1977 0x00007f5280fd4a90 code [0x00007f5280fd4c20, 0x00007f5280fd4d68]
Event: 11.812 Thread 0x00007f523438f6f0 1988       4       cats.effect.IO::<init> (5 bytes)
Event: 11.813 Thread 0x00007f523438f6f0 nmethod 1988 0x00007f5280fd4e90 code [0x00007f5280fd5000, 0x00007f5280fd5078]
Event: 11.813 Thread 0x00007f523438f6f0 1854       4       io.netty.incubator.channel.uring.UringCompletionQueue::ioUringWaitCqe (8 bytes)
Event: 11.816 Thread 0x00007f523438f6f0 nmethod 1854 0x00007f5280fd5190 code [0x00007f5280fd5320, 0x00007f5280fd5428]
Event: 11.817 Thread 0x00007f523438f6f0 1855       4       io.netty.incubator.channel.uring.UringSubmissionQueue::addTimeout (10 bytes)
Event: 11.879 Thread 0x00007f523438f6f0 nmethod 1855 0x00007f5280fd5510 code [0x00007f5280fd56a0, 0x00007f5280fd59d8]
Event: 11.879 Thread 0x00007f523438f6f0 2000       4       java.lang.ClassValue::get (31 bytes)
Event: 11.895 Thread 0x00007f523438f6f0 nmethod 2000 0x00007f5280fd5e10 code [0x00007f5280fd5fa0, 0x00007f5280fd61c8]
Event: 11.895 Thread 0x00007f523438f6f0 2010       4       cats.effect.tracing.TracingPlatform::calculateTracingEvent (36 bytes)
Event: 11.925 Thread 0x00007f523438f6f0 nmethod 2010 0x00007f5280fd6410 code [0x00007f5280fd65c0, 0x00007f5280fd6868]
Event: 11.925 Thread 0x00007f523438f6f0 2018   !   4       java.lang.ref.ReferenceQueue::poll (28 bytes)

GC Heap History (8 events):
Event: 2.547 GC heap before
{Heap before GC invocations=0 (full 0):
 garbage-first heap   total 258048K, used 22496K [0x0000000708200000, 0x0000000800000000)
  region size 2048K, 11 young (22528K), 0 survivors (0K)
 Metaspace       used 7389K, committed 7488K, reserved 1114112K
  class space    used 779K, committed 832K, reserved 1048576K
}
Event: 2.558 GC heap after
{Heap after GC invocations=1 (full 0):
 garbage-first heap   total 258048K, used 4874K [0x0000000708200000, 0x0000000800000000)
  region size 2048K, 2 young (4096K), 2 survivors (4096K)
 Metaspace       used 7389K, committed 7488K, reserved 1114112K
  class space    used 779K, committed 832K, reserved 1048576K
}
Event: 5.887 GC heap before
{Heap before GC invocations=1 (full 0):
 garbage-first heap   total 258048K, used 35594K [0x0000000708200000, 0x0000000800000000)
  region size 2048K, 18 young (36864K), 2 survivors (4096K)
 Metaspace       used 16922K, committed 17088K, reserved 1114112K
  class space    used 1758K, committed 1856K, reserved 1048576K
}
Event: 5.903 GC heap after
{Heap after GC invocations=2 (full 0):
 garbage-first heap   total 258048K, used 6026K [0x0000000708200000, 0x0000000800000000)
  region size 2048K, 2 young (4096K), 2 survivors (4096K)
 Metaspace       used 16922K, committed 17088K, reserved 1114112K
  class space    used 1758K, committed 1856K, reserved 1048576K
}
Event: 8.154 GC heap before
{Heap before GC invocations=2 (full 0):
 garbage-first heap   total 258048K, used 24458K [0x0000000708200000, 0x0000000800000000)
  region size 2048K, 13 young (26624K), 2 survivors (4096K)
 Metaspace       used 21262K, committed 21504K, reserved 1114112K
  class space    used 2226K, committed 2304K, reserved 1048576K
}
Event: 8.173 GC heap after
{Heap after GC invocations=3 (full 0):
 garbage-first heap   total 258048K, used 6642K [0x0000000708200000, 0x0000000800000000)
  region size 2048K, 3 young (6144K), 3 survivors (6144K)
 Metaspace       used 21262K, committed 21504K, reserved 1114112K
  class space    used 2226K, committed 2304K, reserved 1048576K
}
Event: 10.961 GC heap before
{Heap before GC invocations=4 (full 0):
 garbage-first heap   total 49152K, used 35314K [0x0000000708200000, 0x0000000800000000)
  region size 2048K, 19 young (38912K), 3 survivors (6144K)
 Metaspace       used 27645K, committed 27968K, reserved 1114112K
  class space    used 2968K, committed 3072K, reserved 1048576K
}
Event: 10.978 GC heap after
{Heap after GC invocations=5 (full 0):
 garbage-first heap   total 49152K, used 7918K [0x0000000708200000, 0x0000000800000000)
  region size 2048K, 3 young (6144K), 3 survivors (6144K)
 Metaspace       used 27645K, committed 27968K, reserved 1114112K
  class space    used 2968K, committed 3072K, reserved 1048576K
}

Dll operation events (11 events):
Event: 0.006 Loaded shared library /usr/lib/jvm/java-17-openjdk-amd64/lib/libjava.so
Event: 0.043 Loaded shared library /usr/lib/jvm/java-17-openjdk-amd64/lib/libjsvml.so
Event: 0.725 Loaded shared library /usr/lib/jvm/java-17-openjdk-amd64/lib/libnio.so
Event: 0.768 Loaded shared library /usr/lib/jvm/java-17-openjdk-amd64/lib/libzip.so
Event: 0.919 Loaded shared library /usr/lib/jvm/java-17-openjdk-amd64/lib/libnet.so
Event: 0.988 Loaded shared library /usr/lib/jvm/java-17-openjdk-amd64/lib/libextnet.so
Event: 1.046 Loaded shared library /usr/lib/jvm/java-17-openjdk-amd64/lib/libjimage.so
Event: 1.367 Loaded shared library /usr/lib/jvm/java-17-openjdk-amd64/lib/libverify.so
Event: 3.493 Loaded shared library /usr/lib/jvm/java-17-openjdk-amd64/lib/libmanagement.so
Event: 3.503 Loaded shared library /usr/lib/jvm/java-17-openjdk-amd64/lib/libmanagement_ext.so
Event: 3.598 Loaded shared library /tmp/libnetty_transport_native_io_uring_x86_644034392916556200957.so

Deoptimization events (20 events):
Event: 11.676 Thread 0x00007f521453b510 Uncommon trap: trap_request=0xffffff45 fr.pc=0x00007f5280fccbcc relative=0x000000000000032c
Event: 11.676 Thread 0x00007f52145418f0 Uncommon trap: trap_request=0xffffff45 fr.pc=0x00007f5280fccbcc relative=0x000000000000032c
Event: 11.676 Thread 0x00007f521453b510 Uncommon trap: reason=unstable_if action=reinterpret pc=0x00007f5280fccbcc method=scala.collection.mutable.HashMap.get(Ljava/lang/Object;)Lscala/Option; @ 33 c2
Event: 11.676 Thread 0x00007f521453b510 DEOPT PACKING pc=0x00007f5280fccbcc sp=0x00007f524a1194a0
Event: 11.677 Thread 0x00007f52145418f0 Uncommon trap: reason=unstable_if action=reinterpret pc=0x00007f5280fccbcc method=scala.collection.mutable.HashMap.get(Ljava/lang/Object;)Lscala/Option; @ 33 c2
Event: 11.678 Thread 0x00007f52145418f0 DEOPT PACKING pc=0x00007f5280fccbcc sp=0x00007f5249b194a0
Event: 11.678 Thread 0x00007f52145418f0 DEOPT UNPACKING pc=0x00007f528098d699 sp=0x00007f5249b192e8 mode 2
Event: 11.679 Thread 0x00007f521453b510 DEOPT UNPACKING pc=0x00007f528098d699 sp=0x00007f524a1192e8 mode 2
Event: 11.745 Thread 0x00007f51ec003790 Uncommon trap: trap_request=0xffffff45 fr.pc=0x00007f5280f34730 relative=0x0000000000000210
Event: 11.745 Thread 0x00007f51ec003790 Uncommon trap: reason=unstable_if action=reinterpret pc=0x00007f5280f34730 method=fs2.io.uring.unsafe.UringSystem$Poller$$anon$2.handle(IIIBS)V @ 4 c2
Event: 11.745 Thread 0x00007f51ec003790 DEOPT PACKING pc=0x00007f5280f34730 sp=0x00007f52495133f0
Event: 11.746 Thread 0x00007f51ec003790 DEOPT UNPACKING pc=0x00007f528098d699 sp=0x00007f5249513358 mode 2
Event: 11.759 Thread 0x00007f5214540530 Uncommon trap: trap_request=0xffffff45 fr.pc=0x00007f5280fd2008 relative=0x0000000000000608
Event: 11.759 Thread 0x00007f5214540530 Uncommon trap: reason=unstable_if action=reinterpret pc=0x00007f5280fd2008 method=scala.collection.mutable.HashMap.get(Ljava/lang/Object;)Lscala/Option; @ 33 c2
Event: 11.759 Thread 0x00007f5214540530 DEOPT PACKING pc=0x00007f5280fd2008 sp=0x00007f5249c19520
Event: 11.759 Thread 0x00007f521453b510 Uncommon trap: trap_request=0xffffff45 fr.pc=0x00007f5280f34f30 relative=0x0000000000000190
Event: 11.759 Thread 0x00007f5214540530 DEOPT UNPACKING pc=0x00007f528098d699 sp=0x00007f5249c19240 mode 2
Event: 11.759 Thread 0x00007f521453b510 Uncommon trap: reason=unstable_if action=reinterpret pc=0x00007f5280f34f30 method=fs2.io.uring.unsafe.UringSystem$Poller$$anon$2.handle(IIIBS)V @ 4 c2
Event: 11.759 Thread 0x00007f521453b510 DEOPT PACKING pc=0x00007f5280f34f30 sp=0x00007f524a119330
Event: 11.759 Thread 0x00007f521453b510 DEOPT UNPACKING pc=0x00007f528098d699 sp=0x00007f524a119308 mode 2

Classes unloaded (0 events):
No events

Classes redefined (0 events):
No events

Internal exceptions (20 events):
Event: 11.337 Thread 0x00007f521453bfc0 Exception <a 'java/lang/NoSuchMethodError'{0x0000000716290440}: 'java.lang.Object java.lang.invoke.DirectMethodHandle$Holder.newInvokeSpecial(java.lang.Object, java.lang.Object, java.lang.Object, java.lang.Object, int, java.lang.Object, java.lang.Object, java.lang.Object)'> (0x0000000716290440) 
thrown [./src/hotspot/share/interpreter/linkResolver.cpp, line 758]
Event: 11.376 Thread 0x00007f521453b510 Exception <a 'java/lang/NoSuchMethodError'{0x00000007162b94e0}: 'java.lang.Object java.lang.invoke.DirectMethodHandle$Holder.newInvokeSpecial(java.lang.Object, java.lang.Object, java.lang.Object, int, java.lang.Object, java.lang.Object, java.lang.Object, java.lang.Object, java.lang.Object)'> (0x00000007162b94e0) 
thrown [./src/hotspot/share/interpreter/linkResolver.cpp, line 758]
Event: 11.377 Thread 0x00007f521453b510 Exception <a 'java/lang/NoSuchMethodError'{0x00000007162bded0}: 'java.lang.Object java.lang.invoke.DirectMethodHandle$Holder.invokeSpecial(java.lang.Object, java.lang.Object, java.lang.Object, java.lang.Object, int, java.lang.Object, java.lang.Object, java.lang.Object, java.lang.Object, java.lang.Object)'> (0x00000007162bded0) 
thrown [./src/hotspot/share/interpreter/linkResolver.cpp, line 758]
Event: 11.392 Thread 0x00007f52145418f0 Exception <a 'java/lang/NoSuchMethodError'{0x00000007162c7948}: 'java.lang.Object java.lang.invoke.DirectMethodHandle$Holder.invokeStatic(java.lang.Object, java.lang.Object, long, long)'> (0x00000007162c7948) 
thrown [./src/hotspot/share/interpreter/linkResolver.cpp, line 758]
Event: 11.429 Thread 0x00007f52145418f0 Exception <a 'java/lang/NoSuchMethodError'{0x0000000716362dd8}: 'java.lang.Object java.lang.invoke.DirectMethodHandle$Holder.newInvokeSpecial(java.lang.Object, java.lang.Object, java.lang.Object, java.lang.Object, java.lang.Object, java.lang.Object, java.lang.Object, java.lang.Object, java.lang.Object, java.lang.Object)'> (0x0000000716362dd8) 
thrown [./src/hotspot/share/interpreter/linkResolver.cpp, line 758]
Event: 11.435 Thread 0x00007f52145418f0 Exception <a 'java/lang/NoSuchMethodError'{0x0000000716367940}: 'java.lang.Object java.lang.invoke.DirectMethodHandle$Holder.invokeSpecial(java.lang.Object, java.lang.Object, java.lang.Object, java.lang.Object, java.lang.Object, java.lang.Object, java.lang.Object, java.lang.Object, java.lang.Object, java.lang.Object, java.lang.Object)'> (0x0000000716367940) 
thrown [./src/hotspot/share/interpreter/linkResolver.cpp, line 758]
Event: 11.436 Thread 0x00007f52145418f0 Exception <a 'java/lang/NoSuchMethodError'{0x000000071636c0f8}: 'java.lang.Object java.lang.invoke.Invokers$Holder.linkToTargetMethod(java.lang.Object, java.lang.Object, java.lang.Object, java.lang.Object, java.lang.Object, java.lang.Object, java.lang.Object, java.lang.Object, java.lang.Object, java.lang.Object)'> (0x000000071636c0f8) 
thrown [./src/hotspot/share/interpreter/linkResolver.cpp, line 758]
Event: 11.495 Thread 0x00007f51ec003790 Exception <a 'java/lang/NoSuchMethodError'{0x00000007163fc868}: 'java.lang.Object java.lang.invoke.DirectMethodHandle$Holder.invokeStatic(java.lang.Object, java.lang.Object, java.lang.Object, java.lang.Object, int)'> (0x00000007163fc868) 
thrown [./src/hotspot/share/interpreter/linkResolver.cpp, line 758]
Event: 11.560 Thread 0x00007f51ec003790 Exception <a 'java/lang/NoSuchMethodError'{0x00000007160b1a30}: 'java.lang.Object java.lang.invoke.DirectMethodHandle$Holder.invokeStatic(java.lang.Object, java.lang.Object, long, java.lang.Object, java.lang.Object)'> (0x00000007160b1a30) 
thrown [./src/hotspot/share/interpreter/linkResolver.cpp, line 758]
Event: 11.567 Thread 0x00007f51ec003790 Exception <a 'java/lang/NoSuchMethodError'{0x00000007160c5998}: 'java.lang.Object java.lang.invoke.DirectMethodHandle$Holder.newInvokeSpecial(java.lang.Object, java.lang.Object, java.lang.Object, long, java.lang.Object)'> (0x00000007160c5998) 
thrown [./src/hotspot/share/interpreter/linkResolver.cpp, line 758]
Event: 11.570 Thread 0x00007f51ec003790 Exception <a 'java/lang/NoSuchMethodError'{0x00000007160cd300}: 'java.lang.Object java.lang.invoke.Invokers$Holder.linkToTargetMethod(java.lang.Object, java.lang.Object, long, java.lang.Object, java.lang.Object)'> (0x00000007160cd300) 
thrown [./src/hotspot/share/interpreter/linkResolver.cpp, line 758]
Event: 11.611 Thread 0x00007f521453cf70 Exception <a 'java/lang/NoSuchMethodError'{0x00000007161291e8}: 'java.lang.Object java.lang.invoke.DirectMethodHandle$Holder.invokeStatic(java.lang.Object, java.lang.Object, java.lang.Object, java.lang.Object, java.lang.Object, java.lang.Object, int, java.lang.Object, java.lang.Object, java.lang.Object, java.lang.Object, java.lang.Object, java.lang.Object)'> (0x00000007161291e8) 
thrown [./src/hotspot/share/interpreter/linkResolver.cpp, line 758]
Event: 11.614 Thread 0x00007f521453cf70 Exception <a 'java/lang/NoSuchMethodError'{0x0000000716135bb0}: 'java.lang.Object java.lang.invoke.DirectMethodHandle$Holder.newInvokeSpecial(java.lang.Object, java.lang.Object, java.lang.Object, java.lang.Object, java.lang.Object, java.lang.Object, int, java.lang.Object, java.lang.Object, java.lang.Object, java.lang.Object, java.lang.Object)'> (0x0000000716135bb0) 
thrown [./src/hotspot/share/interpreter/linkResolver.cpp, line 758]
Event: 11.616 Thread 0x00007f521453cf70 Exception <a 'java/lang/NoSuchMethodError'{0x000000071613a718}: 'java.lang.Object java.lang.invoke.DirectMethodHandle$Holder.invokeSpecial(java.lang.Object, java.lang.Object, java.lang.Object, java.lang.Object, java.lang.Object, java.lang.Object, java.lang.Object, int, java.lang.Object, java.lang.Object, java.lang.Object, java.lang.Object, java.lang.Object)'> (0x000000071613a718) 
thrown [./src/hotspot/share/interpreter/linkResolver.cpp, line 758]
Event: 11.620 Thread 0x00007f521453cf70 Exception <a 'java/lang/NoSuchMethodError'{0x0000000716143640}: 'java.lang.Object java.lang.invoke.DirectMethodHandle$Holder.invokeStatic(java.lang.Object, java.lang.Object, java.lang.Object, java.lang.Object, java.lang.Object, java.lang.Object, java.lang.Object, java.lang.Object, int, java.lang.Object, java.lang.Object, java.lang.Object, java.lang.Object)'> (0x0000000716143640) 
thrown [./src/hotspot/share/interpreter/linkResolver.cpp, line 758]
Event: 11.624 Thread 0x00007f521453cf70 Exception <a 'java/lang/NoSuchMethodError'{0x000000071614fe40}: 'java.lang.Object java.lang.invoke.DirectMethodHandle$Holder.newInvokeSpecial(java.lang.Object, java.lang.Object, java.lang.Object, java.lang.Object, java.lang.Object, java.lang.Object, java.lang.Object, java.lang.Object, int, java.lang.Object, java.lang.Object, java.lang.Object)'> (0x000000071614fe40) 
thrown [./src/hotspot/share/interpreter/linkResolver.cpp, line 758]
Event: 11.626 Thread 0x00007f521453cf70 Exception <a 'java/lang/NoSuchMethodError'{0x00000007161549a8}: 'java.lang.Object java.lang.invoke.DirectMethodHandle$Holder.invokeSpecial(java.lang.Object, java.lang.Object, java.lang.Object, java.lang.Object, java.lang.Object, java.lang.Object, java.lang.Object, java.lang.Object, java.lang.Object, int, java.lang.Object, java.lang.Object, java.lang.Object)'> (0x00000007161549a8) 
thrown [./src/hotspot/share/interpreter/linkResolver.cpp, line 758]
Event: 11.680 Thread 0x00007f5214542800 Exception <a 'java/lang/NoSuchMethodError'{0x00000007161e9d28}: 'java.lang.Object java.lang.invoke.DirectMethodHandle$Holder.invokeStatic(java.lang.Object, java.lang.Object, int)'> (0x00000007161e9d28) 
thrown [./src/hotspot/share/interpreter/linkResolver.cpp, line 758]
Event: 11.704 Thread 0x00007f5214542800 Exception <a 'java/lang/NoSuchMethodError'{0x00000007161f9e58}: 'java.lang.Object java.lang.invoke.DirectMethodHandle$Holder.invokeStatic(java.lang.Object, int, java.lang.Object, java.lang.Object)'> (0x00000007161f9e58) 
thrown [./src/hotspot/share/interpreter/linkResolver.cpp, line 758]
Event: 11.722 Thread 0x00007f5214542800 Exception <a 'java/lang/NoSuchMethodError'{0x0000000715e67958}: 'java.lang.Object java.lang.invoke.DirectMethodHandle$Holder.newInvokeSpecial(java.lang.Object, int, java.lang.Object)'> (0x0000000715e67958) 
thrown [./src/hotspot/share/interpreter/linkResolver.cpp, line 758]

VM Operations (20 events):
Event: 6.904 Executing VM operation: Cleanup
Event: 6.906 Executing VM operation: Cleanup done
Event: 7.161 Executing VM operation: HandshakeAllThreads
Event: 7.162 Executing VM operation: HandshakeAllThreads done
Event: 8.154 Executing VM operation: CollectForMetadataAllocation
Event: 8.173 Executing VM operation: CollectForMetadataAllocation done
Event: 8.207 Executing VM operation: G1Concurrent
Event: 8.214 Executing VM operation: G1Concurrent done
Event: 8.214 Executing VM operation: G1Concurrent
Event: 8.215 Executing VM operation: G1Concurrent done
Event: 8.297 Executing VM operation: HandshakeAllThreads
Event: 8.297 Executing VM operation: HandshakeAllThreads done
Event: 9.297 Executing VM operation: Cleanup
Event: 9.298 Executing VM operation: Cleanup done
Event: 9.929 Executing VM operation: HandshakeAllThreads
Event: 9.929 Executing VM operation: HandshakeAllThreads done
Event: 10.929 Executing VM operation: Cleanup
Event: 10.930 Executing VM operation: Cleanup done
Event: 10.961 Executing VM operation: G1CollectForAllocation
Event: 10.978 Executing VM operation: G1CollectForAllocation done

Events (20 events):
Event: 9.129 Protecting memory [0x00007f524981b000,0x00007f524981f000] with protection modes 0
Event: 9.928 loading class java/security/cert/X509Certificate
Event: 9.928 loading class java/security/cert/X509Extension
Event: 9.928 loading class java/security/cert/X509Extension done
Event: 9.928 loading class java/security/cert/X509Certificate done
Event: 9.929 loading class javax/security/cert/X509Certificate
Event: 9.930 loading class javax/security/cert/Certificate
Event: 9.930 loading class javax/security/cert/Certificate done
Event: 9.930 loading class javax/security/cert/X509Certificate done
Event: 9.932 loading class java/nio/ReadOnlyBufferException
Event: 9.932 loading class java/nio/ReadOnlyBufferException done
Event: 9.959 loading class java/util/concurrent/atomic/Striped64$1
Event: 9.959 loading class java/util/concurrent/atomic/Striped64$1 done
Event: 10.831 Thread 0x00007f523020de90 Thread exited: 0x00007f523020de90
Event: 10.938 Thread 0x00007f523020de90 Thread added: 0x00007f523020de90
Event: 10.939 Protecting memory [0x00007f524981b000,0x00007f524981f000] with protection modes 0
Event: 11.294 Thread 0x00007f51ec003790 Thread added: 0x00007f51ec003790
Event: 11.294 Protecting memory [0x00007f5249415000,0x00007f5249419000] with protection modes 0
Event: 11.349 Thread 0x00007f523438f6f0 Thread added: 0x00007f523438f6f0
Event: 11.354 Protecting memory [0x00007f5249315000,0x00007f5249319000] with protection modes 0


Dynamic libraries:
708200000-70a400000 rw-p 00000000 00:00 0 
70a400000-715e00000 ---p 00000000 00:00 0 
715e00000-716400000 rw-p 00000000 00:00 0 
716400000-717600000 ---p 00000000 00:00 0 
717600000-717a00000 rw-p 00000000 00:00 0 
717a00000-7ffc00000 ---p 00000000 00:00 0 
7ffc00000-7ffd00000 rw-p 00000000 00:00 0 
7ffd00000-7ffd76000 rw-p 00c9d000 103:02 1966440                         /usr/lib/jvm/java-17-openjdk-amd64/lib/server/classes.jsa
7ffd76000-7ffe00000 rw-p 00000000 00:00 0 
7ffe00000-7ffe82000 rw-p 00c1b000 103:02 1966440                         /usr/lib/jvm/java-17-openjdk-amd64/lib/server/classes.jsa
7ffe82000-800000000 rw-p 00000000 00:00 0 
800000000-800be2000 rw-p 00001000 103:02 1966440                         /usr/lib/jvm/java-17-openjdk-amd64/lib/server/classes.jsa
800be2000-801000000 ---p 00000000 00:00 0 
801000000-801030000 rw-p 00000000 00:00 0 
801030000-801130000 rw-p 00000000 00:00 0 
801130000-801170000 rw-p 00000000 00:00 0 
801170000-8011b0000 rw-p 00000000 00:00 0 
8011b0000-8011d0000 rw-p 00000000 00:00 0 
8011d0000-801200000 ---p 00000000 00:00 0 
801200000-801390000 rw-p 00000000 00:00 0 
801390000-841000000 ---p 00000000 00:00 0 
55843ef12000-55843ef13000 r--p 00000000 103:02 1966288                   /usr/lib/jvm/java-17-openjdk-amd64/bin/java
55843ef13000-55843ef14000 r-xp 00001000 103:02 1966288                   /usr/lib/jvm/java-17-openjdk-amd64/bin/java
55843ef14000-55843ef15000 r--p 00002000 103:02 1966288                   /usr/lib/jvm/java-17-openjdk-amd64/bin/java
55843ef15000-55843ef16000 r--p 00002000 103:02 1966288                   /usr/lib/jvm/java-17-openjdk-amd64/bin/java
55843ef16000-55843ef17000 rw-p 00003000 103:02 1966288                   /usr/lib/jvm/java-17-openjdk-amd64/bin/java
55844037f000-5584403c7000 rw-p 00000000 00:00 0                          [heap]
7f51c0000000-7f51c0052000 rw-p 00000000 00:00 0 
7f51c0052000-7f51c4000000 ---p 00000000 00:00 0 
7f51c4000000-7f51c434a000 rw-p 00000000 00:00 0 
7f51c434a000-7f51c8000000 ---p 00000000 00:00 0 
7f51c8000000-7f51c838b000 rw-p 00000000 00:00 0 
7f51c838b000-7f51cc000000 ---p 00000000 00:00 0 
7f51cc000000-7f51cc4ce000 rw-p 00000000 00:00 0 
7f51cc4ce000-7f51d0000000 ---p 00000000 00:00 0 
7f51d0000000-7f51d00ec000 rw-p 00000000 00:00 0 
7f51d00ec000-7f51d4000000 ---p 00000000 00:00 0 
7f51d4000000-7f51d4021000 rw-p 00000000 00:00 0 
7f51d4021000-7f51d8000000 ---p 00000000 00:00 0 
7f51d8000000-7f51d80b0000 rw-p 00000000 00:00 0 
7f51d80b0000-7f51dc000000 ---p 00000000 00:00 0 
7f51dc000000-7f51dc1f1000 rw-p 00000000 00:00 0 
7f51dc1f1000-7f51e0000000 ---p 00000000 00:00 0 
7f51e0000000-7f51e0021000 rw-p 00000000 00:00 0 
7f51e0021000-7f51e4000000 ---p 00000000 00:00 0 
7f51e4000000-7f51e42c3000 rw-p 00000000 00:00 0 
7f51e42c3000-7f51e8000000 ---p 00000000 00:00 0 
7f51e8000000-7f51e80fd000 rw-p 00000000 00:00 0 
7f51e80fd000-7f51ec000000 ---p 00000000 00:00 0 
7f51ec000000-7f51ec03a000 rw-p 00000000 00:00 0 
7f51ec03a000-7f51f0000000 ---p 00000000 00:00 0 
7f51f0000000-7f51f004a000 rw-p 00000000 00:00 0 
7f51f004a000-7f51f4000000 ---p 00000000 00:00 0 
7f51f4000000-7f51f4161000 rw-p 00000000 00:00 0 
7f51f4161000-7f51f8000000 ---p 00000000 00:00 0 
7f51f8000000-7f51f8021000 rw-p 00000000 00:00 0 
7f51f8021000-7f51fc000000 ---p 00000000 00:00 0 
7f51fc000000-7f51fc1b5000 rw-p 00000000 00:00 0 
7f51fc1b5000-7f5200000000 ---p 00000000 00:00 0 
7f5200000000-7f5200021000 rw-p 00000000 00:00 0 
7f5200021000-7f5204000000 ---p 00000000 00:00 0 
7f5204000000-7f5204021000 rw-p 00000000 00:00 0 
7f5204021000-7f5208000000 ---p 00000000 00:00 0 
7f5208000000-7f5208021000 rw-p 00000000 00:00 0 
7f5208021000-7f520c000000 ---p 00000000 00:00 0 
7f520c000000-7f520c021000 rw-p 00000000 00:00 0 
7f520c021000-7f5210000000 ---p 00000000 00:00 0 
7f5210000000-7f5210021000 rw-p 00000000 00:00 0 
7f5210021000-7f5214000000 ---p 00000000 00:00 0 
7f5214000000-7f5214603000 rw-p 00000000 00:00 0 
7f5214603000-7f5218000000 ---p 00000000 00:00 0 
7f5218000000-7f5218021000 rw-p 00000000 00:00 0 
7f5218021000-7f521c000000 ---p 00000000 00:00 0 
7f521c000000-7f521c021000 rw-p 00000000 00:00 0 
7f521c021000-7f5220000000 ---p 00000000 00:00 0 
7f5220000000-7f5220081000 rw-p 00000000 00:00 0 
7f5220081000-7f5224000000 ---p 00000000 00:00 0 
7f5224000000-7f5224021000 rw-p 00000000 00:00 0 
7f5224021000-7f5228000000 ---p 00000000 00:00 0 
7f5228000000-7f5228021000 rw-p 00000000 00:00 0 
7f5228021000-7f522c000000 ---p 00000000 00:00 0 
7f522c000000-7f522c021000 rw-p 00000000 00:00 0 
7f522c021000-7f5230000000 ---p 00000000 00:00 0 
7f5230000000-7f523080e000 rw-p 00000000 00:00 0 
7f523080e000-7f5234000000 ---p 00000000 00:00 0 
7f5234000000-7f52346cf000 rw-p 00000000 00:00 0 
7f52346cf000-7f5238000000 ---p 00000000 00:00 0 
7f5238000000-7f5238021000 rw-p 00000000 00:00 0 
7f5238021000-7f523c000000 ---p 00000000 00:00 0 
7f523c000000-7f523c021000 rw-p 00000000 00:00 0 
7f523c021000-7f5240000000 ---p 00000000 00:00 0 
7f5240000000-7f5240021000 rw-p 00000000 00:00 0 
7f5240021000-7f5244000000 ---p 00000000 00:00 0 
7f5244000000-7f5244021000 rw-p 00000000 00:00 0 
7f5244021000-7f5248000000 ---p 00000000 00:00 0 
7f5248e2b000-7f5249211000 rw-p 00000000 00:00 0 
7f5249315000-7f5249319000 ---p 00000000 00:00 0 
7f5249319000-7f5249415000 rw-p 00000000 00:00 0 
7f5249415000-7f5249419000 ---p 00000000 00:00 0 
7f5249419000-7f5249515000 rw-p 00000000 00:00 0 
7f5249515000-7f5249516000 ---p 00000000 00:00 0 
7f5249516000-7f5249617000 rw-p 00000000 00:00 0 
7f5249617000-7f5249618000 ---p 00000000 00:00 0 
7f5249618000-7f5249719000 rw-p 00000000 00:00 0 
7f5249719000-7f524971a000 ---p 00000000 00:00 0 
7f524971a000-7f524981b000 rw-p 00000000 00:00 0 
7f524981b000-7f524981f000 ---p 00000000 00:00 0 
7f524981f000-7f524991b000 rw-p 00000000 00:00 0 
7f524991b000-7f524991f000 ---p 00000000 00:00 0 
7f524991f000-7f5249a1b000 rw-p 00000000 00:00 0 
7f5249a1b000-7f5249a1f000 ---p 00000000 00:00 0 
7f5249a1f000-7f5249b1b000 rw-p 00000000 00:00 0 
7f5249b1b000-7f5249b1f000 ---p 00000000 00:00 0 
7f5249b1f000-7f5249c1b000 rw-p 00000000 00:00 0 
7f5249c1b000-7f5249c1f000 ---p 00000000 00:00 0 
7f5249c1f000-7f5249d1b000 rw-p 00000000 00:00 0 
7f5249d1b000-7f5249d1f000 ---p 00000000 00:00 0 
7f5249d1f000-7f5249e1b000 rw-p 00000000 00:00 0 
7f5249e1b000-7f5249e1f000 ---p 00000000 00:00 0 
7f5249e1f000-7f5249f1b000 rw-p 00000000 00:00 0 
7f5249f1b000-7f5249f1f000 ---p 00000000 00:00 0 
7f5249f1f000-7f524a01b000 rw-p 00000000 00:00 0 
7f524a01b000-7f524a01f000 ---p 00000000 00:00 0 
7f524a01f000-7f524a11b000 rw-p 00000000 00:00 0 
7f524a11b000-7f524a15b000 rw-s 10000000 00:0e 65771                      anon_inode:[io_uring]
7f524a15b000-7f524a180000 rw-s 00000000 00:0e 65771                      anon_inode:[io_uring]
7f524a180000-7f524a1c0000 rw-s 10000000 00:0e 65769                      anon_inode:[io_uring]
7f524a1c0000-7f524a200000 rw-s 10000000 00:0e 65767                      anon_inode:[io_uring]
7f524a200000-7f524a211000 r-xp 00000000 103:02 3673027                   /tmp/libnetty_transport_native_io_uring_x86_644034392916556200957.so (deleted)
7f524a211000-7f524a411000 ---p 00011000 103:02 3673027                   /tmp/libnetty_transport_native_io_uring_x86_644034392916556200957.so (deleted)
7f524a411000-7f524a413000 rw-p 00011000 103:02 3673027                   /tmp/libnetty_transport_native_io_uring_x86_644034392916556200957.so (deleted)
7f524a416000-7f524a43b000 rw-s 00000000 00:0e 65769                      anon_inode:[io_uring]
7f524a43b000-7f524a460000 rw-s 00000000 00:0e 65767                      anon_inode:[io_uring]
7f524a460000-7f524a4a0000 rw-s 10000000 00:0e 65765                      anon_inode:[io_uring]
7f524a4a0000-7f524a4c5000 rw-s 00000000 00:0e 65765                      anon_inode:[io_uring]
7f524a4c5000-7f524a505000 rw-s 10000000 00:0e 65763                      anon_inode:[io_uring]
7f524a505000-7f524a52a000 rw-s 00000000 00:0e 65763                      anon_inode:[io_uring]
7f524a52a000-7f524a56a000 rw-s 10000000 00:0e 65761                      anon_inode:[io_uring]
7f524a56a000-7f524a58f000 rw-s 00000000 00:0e 65761                      anon_inode:[io_uring]
7f524a58f000-7f524a5cf000 rw-s 10000000 00:0e 65759                      anon_inode:[io_uring]
7f524a5cf000-7f524a5f4000 rw-s 00000000 00:0e 65759                      anon_inode:[io_uring]
7f524a5f4000-7f524a5f8000 ---p 00000000 00:00 0 
7f524a5f8000-7f524a6f4000 rw-p 00000000 00:00 0 
7f524a6f4000-7f524a6f5000 ---p 00000000 00:00 0 
7f524a6f5000-7f524a7f6000 rw-p 00000000 00:00 0 
7f524a7f6000-7f524a7f7000 ---p 00000000 00:00 0 
7f524a7f7000-7f524a8f8000 rw-p 00000000 00:00 0 
7f524a8f8000-7f524a8f9000 ---p 00000000 00:00 0 
7f524a8f9000-7f524a9fa000 rw-p 00000000 00:00 0 
7f524a9fa000-7f524a9fb000 ---p 00000000 00:00 0 
7f524a9fb000-7f524aafc000 rw-p 00000000 00:00 0 
7f524aafc000-7f524aafd000 ---p 00000000 00:00 0 
7f524aafd000-7f524abfe000 rw-p 00000000 00:00 0 
7f524abfe000-7f524ac02000 ---p 00000000 00:00 0 
7f524ac02000-7f524acfe000 rw-p 00000000 00:00 0 
7f524acfe000-7f524ad02000 ---p 00000000 00:00 0 
7f524ad02000-7f524adfe000 rw-p 00000000 00:00 0 
7f524adfe000-7f524adff000 ---p 00000000 00:00 0 
7f524adff000-7f524af00000 rw-p 00000000 00:00 0 
7f524af00000-7f524af04000 ---p 00000000 00:00 0 
7f524af04000-7f524b000000 rw-p 00000000 00:00 0 
7f524b000000-7f524b004000 ---p 00000000 00:00 0 
7f524b004000-7f524b100000 rw-p 00000000 00:00 0 
7f524b100000-7f524b104000 ---p 00000000 00:00 0 
7f524b104000-7f524b200000 rw-p 00000000 00:00 0 
7f524b200000-7f524bfea000 r--p 00000000 103:02 1055507                   /usr/lib/locale/locale-archive
7f524c000000-7f524c021000 rw-p 00000000 00:00 0 
7f524c021000-7f5250000000 ---p 00000000 00:00 0 
7f5250000000-7f5250021000 rw-p 00000000 00:00 0 
7f5250021000-7f5254000000 ---p 00000000 00:00 0 
7f5254000000-7f52543f0000 rw-p 00000000 00:00 0 
7f52543f0000-7f5254d90000 rw-p 00000000 00:00 0 
7f5254d90000-7f5254db0000 rw-p 00000000 00:00 0 
7f5254db0000-7f5254e90000 rw-p 00000000 00:00 0 
7f5254e90000-7f5254f00000 ---p 00000000 00:00 0 
7f5254f00000-7f5255a60000 rw-p 00000000 00:00 0 
7f5255a60000-7f5258000000 ---p 00000000 00:00 0 
7f5258000000-7f5258021000 rw-p 00000000 00:00 0 
7f5258021000-7f525c000000 ---p 00000000 00:00 0 
7f525c000000-7f525c021000 rw-p 00000000 00:00 0 
7f525c021000-7f5260000000 ---p 00000000 00:00 0 
7f5260000000-7f5260021000 rw-p 00000000 00:00 0 
7f5260021000-7f5264000000 ---p 00000000 00:00 0 
7f5264000000-7f5264021000 rw-p 00000000 00:00 0 
7f5264021000-7f5268000000 ---p 00000000 00:00 0 
7f5268000000-7f5268021000 rw-p 00000000 00:00 0 
7f5268021000-7f526c000000 ---p 00000000 00:00 0 
7f526c000000-7f526c040000 rw-s 10000000 00:0e 65757                      anon_inode:[io_uring]
7f526c040000-7f526c065000 rw-s 00000000 00:0e 65757                      anon_inode:[io_uring]
7f526c065000-7f526c069000 ---p 00000000 00:00 0 
7f526c069000-7f526c165000 rw-p 00000000 00:00 0 
7f526c165000-7f526c169000 ---p 00000000 00:00 0 
7f526c169000-7f526c265000 rw-p 00000000 00:00 0 
7f526c265000-7f526c269000 ---p 00000000 00:00 0 
7f526c269000-7f526c365000 rw-p 00000000 00:00 0 
7f526c365000-7f526c369000 ---p 00000000 00:00 0 
7f526c369000-7f526c465000 rw-p 00000000 00:00 0 
7f526c465000-7f526c469000 ---p 00000000 00:00 0 
7f526c469000-7f526c565000 rw-p 00000000 00:00 0 
7f526c565000-7f526c569000 ---p 00000000 00:00 0 
7f526c569000-7f526c665000 rw-p 00000000 00:00 0 
7f526c665000-7f526c669000 ---p 00000000 00:00 0 
7f526c669000-7f526c765000 rw-p 00000000 00:00 0 
7f526c765000-7f526c769000 ---p 00000000 00:00 0 
7f526c769000-7f526c865000 rw-p 00000000 00:00 0 
7f526c865000-7f526c869000 ---p 00000000 00:00 0 
7f526c869000-7f526c965000 rw-p 00000000 00:00 0 
7f526c965000-7f526c966000 ---p 00000000 00:00 0 
7f526c966000-7f526ca67000 rw-p 00000000 00:00 0 
7f526ca67000-7f526ca6c000 r--p 00000000 103:02 1966422                   /usr/lib/jvm/java-17-openjdk-amd64/lib/libjsvml.so
7f526ca6c000-7f526caad000 r-xp 00005000 103:02 1966422                   /usr/lib/jvm/java-17-openjdk-amd64/lib/libjsvml.so
7f526caad000-7f526cb36000 r--p 00046000 103:02 1966422                   /usr/lib/jvm/java-17-openjdk-amd64/lib/libjsvml.so
7f526cb36000-7f526cb37000 r--p 000ce000 103:02 1966422                   /usr/lib/jvm/java-17-openjdk-amd64/lib/libjsvml.so
7f526cb37000-7f526cb38000 rw-p 000cf000 103:02 1966422                   /usr/lib/jvm/java-17-openjdk-amd64/lib/libjsvml.so
7f526cb38000-7f526cbb9000 rw-p 00000000 00:00 0 
7f526cbb9000-7f526cbba000 ---p 00000000 00:00 0 
7f526cbba000-7f526ccbb000 rw-p 00000000 00:00 0 
7f526ccbb000-7f526ccbc000 ---p 00000000 00:00 0 
7f526ccbc000-7f526f5c5000 rw-p 00000000 00:00 0 
7f526f5c5000-7f526f5c6000 ---p 00000000 00:00 0 
7f526f5c6000-7f526f6c7000 rw-p 00000000 00:00 0 
7f526f6c7000-7f526f6c8000 ---p 00000000 00:00 0 
7f526f6c8000-7f526f7c9000 rw-p 00000000 00:00 0 
7f526f7c9000-7f526f7ca000 ---p 00000000 00:00 0 
7f526f7ca000-7f526f953000 rw-p 00000000 00:00 0 
7f526f953000-7f526fc3b000 ---p 00000000 00:00 0 
7f526fc3b000-7f526fc53000 rw-p 00000000 00:00 0 
7f526fc53000-7f526fc9b000 ---p 00000000 00:00 0 
7f526fc9b000-7f526fcab000 rw-p 00000000 00:00 0 
7f526fcab000-7f52736b3000 ---p 00000000 00:00 0 
7f52736b3000-7f527374b000 rw-p 00000000 00:00 0 
7f527374b000-7f5273a33000 ---p 00000000 00:00 0 
7f5273a33000-7f5273a4b000 rw-p 00000000 00:00 0 
7f5273a4b000-7f5273a93000 ---p 00000000 00:00 0 
7f5273a93000-7f5273aa3000 rw-p 00000000 00:00 0 
7f5273aa3000-7f52774ab000 ---p 00000000 00:00 0 
7f52774ab000-7f52774cc000 rw-p 00000000 00:00 0 
7f52774cc000-7f5277529000 ---p 00000000 00:00 0 
7f5277529000-7f527752c000 rw-p 00000000 00:00 0 
7f527752c000-7f5277535000 ---p 00000000 00:00 0 
7f5277535000-7f5277537000 rw-p 00000000 00:00 0 
7f5277537000-7f5277c78000 ---p 00000000 00:00 0 
7f5277c78000-7f5277c8b000 rw-p 00000000 00:00 0 
7f5277c8b000-7f5277ce8000 ---p 00000000 00:00 0 
7f5277ce8000-7f5277ceb000 rw-p 00000000 00:00 0 
7f5277ceb000-7f5277cf4000 ---p 00000000 00:00 0 
7f5277cf4000-7f5277cf6000 rw-p 00000000 00:00 0 
7f5277cf6000-7f5278437000 ---p 00000000 00:00 0 
7f5278437000-7f527844a000 rw-p 00000000 00:00 0 
7f527844a000-7f52784a7000 ---p 00000000 00:00 0 
7f52784a7000-7f52784aa000 rw-p 00000000 00:00 0 
7f52784aa000-7f52784b3000 ---p 00000000 00:00 0 
7f52784b3000-7f52784b5000 rw-p 00000000 00:00 0 
7f52784b5000-7f5278bf6000 ---p 00000000 00:00 0 
7f5278bf6000-7f5279400000 rw-p 00000000 00:00 0 
7f5279400000-7f52797c0000 rwxp 00000000 00:00 0 
7f52797c0000-7f5280937000 ---p 00000000 00:00 0 
7f5280937000-7f5280ba7000 rwxp 00000000 00:00 0 
7f5280ba7000-7f5280ec9000 ---p 00000000 00:00 0 
7f5280ec9000-7f5281139000 rwxp 00000000 00:00 0 
7f5281139000-7f5288400000 ---p 00000000 00:00 0 
7f5288400000-7f528fe42000 r--s 00000000 103:02 1966437                   /usr/lib/jvm/java-17-openjdk-amd64/lib/modules
7f528fe43000-7f528fe44000 r--p 00000000 103:02 1072681                   /usr/lib/x86_64-linux-gnu/libdl.so.2
7f528fe44000-7f528fe45000 r-xp 00001000 103:02 1072681                   /usr/lib/x86_64-linux-gnu/libdl.so.2
7f528fe45000-7f528fe46000 r--p 00002000 103:02 1072681                   /usr/lib/x86_64-linux-gnu/libdl.so.2
7f528fe46000-7f528fe47000 r--p 00002000 103:02 1072681                   /usr/lib/x86_64-linux-gnu/libdl.so.2
7f528fe47000-7f528fe48000 rw-p 00003000 103:02 1072681                   /usr/lib/x86_64-linux-gnu/libdl.so.2
7f528fe48000-7f528ff1a000 rw-p 00000000 00:00 0 
7f528ff1a000-7f5290000000 ---p 00000000 00:00 0 
7f5290000000-7f5290412000 rw-p 00000000 00:00 0 
7f5290412000-7f5294000000 ---p 00000000 00:00 0 
7f5294001000-7f5294002000 r--p 00000000 103:02 1073090                   /usr/lib/x86_64-linux-gnu/librt.so.1
7f5294002000-7f5294003000 r-xp 00001000 103:02 1073090                   /usr/lib/x86_64-linux-gnu/librt.so.1
7f5294003000-7f5294004000 r--p 00002000 103:02 1073090                   /usr/lib/x86_64-linux-gnu/librt.so.1
7f5294004000-7f5294005000 r--p 00002000 103:02 1073090                   /usr/lib/x86_64-linux-gnu/librt.so.1
7f5294005000-7f5294006000 rw-p 00003000 103:02 1073090                   /usr/lib/x86_64-linux-gnu/librt.so.1
7f5294015000-7f529401d000 rw-p 00000000 00:00 0 
7f529401d000-7f5294100000 ---p 00000000 00:00 0 
7f5294100000-7f5294104000 ---p 00000000 00:00 0 
7f5294104000-7f5294200000 rw-p 00000000 00:00 0 
7f5294200000-7f529429c000 r--p 00000000 103:02 1073143                   /usr/lib/x86_64-linux-gnu/libstdc++.so.6.0.31
7f529429c000-7f52943cb000 r-xp 0009c000 103:02 1073143                   /usr/lib/x86_64-linux-gnu/libstdc++.so.6.0.31
7f52943cb000-7f5294458000 r--p 001cb000 103:02 1073143                   /usr/lib/x86_64-linux-gnu/libstdc++.so.6.0.31
7f5294458000-7f5294463000 r--p 00257000 103:02 1073143                   /usr/lib/x86_64-linux-gnu/libstdc++.so.6.0.31
7f5294463000-7f5294466000 rw-p 00262000 103:02 1073143                   /usr/lib/x86_64-linux-gnu/libstdc++.so.6.0.31
7f5294466000-7f529446a000 rw-p 00000000 00:00 0 
7f529446d000-7f529446f000 r--p 00000000 103:02 1966426                   /usr/lib/jvm/java-17-openjdk-amd64/lib/libmanagement_ext.so
7f529446f000-7f5294472000 r-xp 00002000 103:02 1966426                   /usr/lib/jvm/java-17-openjdk-amd64/lib/libmanagement_ext.so
7f5294472000-7f5294474000 r--p 00005000 103:02 1966426                   /usr/lib/jvm/java-17-openjdk-amd64/lib/libmanagement_ext.so
7f5294474000-7f5294475000 r--p 00006000 103:02 1966426                   /usr/lib/jvm/java-17-openjdk-amd64/lib/libmanagement_ext.so
7f5294475000-7f5294476000 rw-p 00007000 103:02 1966426                   /usr/lib/jvm/java-17-openjdk-amd64/lib/libmanagement_ext.so
7f5294476000-7f5294478000 r--p 00000000 103:02 1966424                   /usr/lib/jvm/java-17-openjdk-amd64/lib/libmanagement.so
7f5294478000-7f5294479000 r-xp 00002000 103:02 1966424                   /usr/lib/jvm/java-17-openjdk-amd64/lib/libmanagement.so
7f5294479000-7f529447a000 r--p 00003000 103:02 1966424                   /usr/lib/jvm/java-17-openjdk-amd64/lib/libmanagement.so
7f529447a000-7f529447b000 r--p 00003000 103:02 1966424                   /usr/lib/jvm/java-17-openjdk-amd64/lib/libmanagement.so
7f529447b000-7f529447c000 rw-p 00004000 103:02 1966424                   /usr/lib/jvm/java-17-openjdk-amd64/lib/libmanagement.so
7f529447c000-7f5294480000 r--p 00000000 103:02 1966435                   /usr/lib/jvm/java-17-openjdk-amd64/lib/libverify.so
7f5294480000-7f5294487000 r-xp 00004000 103:02 1966435                   /usr/lib/jvm/java-17-openjdk-amd64/lib/libverify.so
7f5294487000-7f5294489000 r--p 0000b000 103:02 1966435                   /usr/lib/jvm/java-17-openjdk-amd64/lib/libverify.so
7f5294489000-7f529448b000 r--p 0000c000 103:02 1966435                   /usr/lib/jvm/java-17-openjdk-amd64/lib/libverify.so
7f529448b000-7f529448c000 rw-p 0000e000 103:02 1966435                   /usr/lib/jvm/java-17-openjdk-amd64/lib/libverify.so
7f529448c000-7f529448e000 r--p 00000000 103:02 1966436                   /usr/lib/jvm/java-17-openjdk-amd64/lib/libzip.so
7f529448e000-7f5294493000 r-xp 00002000 103:02 1966436                   /usr/lib/jvm/java-17-openjdk-amd64/lib/libzip.so
7f5294493000-7f5294495000 r--p 00007000 103:02 1966436                   /usr/lib/jvm/java-17-openjdk-amd64/lib/libzip.so
7f5294495000-7f5294496000 r--p 00008000 103:02 1966436                   /usr/lib/jvm/java-17-openjdk-amd64/lib/libzip.so
7f5294496000-7f5294497000 rw-p 00009000 103:02 1966436                   /usr/lib/jvm/java-17-openjdk-amd64/lib/libzip.so
7f5294497000-7f5294517000 rw-p 00000000 00:00 0 
7f5294517000-7f5294525000 r--p 00000000 103:02 1072926                   /usr/lib/x86_64-linux-gnu/libm.so.6
7f5294525000-7f52945a3000 r-xp 0000e000 103:02 1072926                   /usr/lib/x86_64-linux-gnu/libm.so.6
7f52945a3000-7f52945fe000 r--p 0008c000 103:02 1072926                   /usr/lib/x86_64-linux-gnu/libm.so.6
7f52945fe000-7f52945ff000 r--p 000e6000 103:02 1072926                   /usr/lib/x86_64-linux-gnu/libm.so.6
7f52945ff000-7f5294600000 rw-p 000e7000 103:02 1072926                   /usr/lib/x86_64-linux-gnu/libm.so.6
7f5294600000-7f5294851000 r--p 00000000 103:02 1966443                   /usr/lib/jvm/java-17-openjdk-amd64/lib/server/libjvm.so
7f5294851000-7f52955d5000 r-xp 00251000 103:02 1966443                   /usr/lib/jvm/java-17-openjdk-amd64/lib/server/libjvm.so
7f52955d5000-7f5295856000 r--p 00fd5000 103:02 1966443                   /usr/lib/jvm/java-17-openjdk-amd64/lib/server/libjvm.so
7f5295856000-7f529590e000 r--p 01255000 103:02 1966443                   /usr/lib/jvm/java-17-openjdk-amd64/lib/server/libjvm.so
7f529590e000-7f5295943000 rw-p 0130d000 103:02 1966443                   /usr/lib/jvm/java-17-openjdk-amd64/lib/server/libjvm.so
7f5295943000-7f529599d000 rw-p 00000000 00:00 0 
7f52959a0000-7f52959a1000 r--p 00000000 103:02 1966408                   /usr/lib/jvm/java-17-openjdk-amd64/lib/libextnet.so
7f52959a1000-7f52959a2000 r-xp 00001000 103:02 1966408                   /usr/lib/jvm/java-17-openjdk-amd64/lib/libextnet.so
7f52959a2000-7f52959a3000 r--p 00002000 103:02 1966408                   /usr/lib/jvm/java-17-openjdk-amd64/lib/libextnet.so
7f52959a3000-7f52959a4000 r--p 00002000 103:02 1966408                   /usr/lib/jvm/java-17-openjdk-amd64/lib/libextnet.so
7f52959a4000-7f52959a5000 rw-p 00003000 103:02 1966408                   /usr/lib/jvm/java-17-openjdk-amd64/lib/libextnet.so
7f52959a5000-7f52959a9000 r--p 00000000 103:02 1966428                   /usr/lib/jvm/java-17-openjdk-amd64/lib/libnet.so
7f52959a9000-7f52959b7000 r-xp 00004000 103:02 1966428                   /usr/lib/jvm/java-17-openjdk-amd64/lib/libnet.so
7f52959b7000-7f52959bb000 r--p 00012000 103:02 1966428                   /usr/lib/jvm/java-17-openjdk-amd64/lib/libnet.so
7f52959bb000-7f52959bc000 r--p 00015000 103:02 1966428                   /usr/lib/jvm/java-17-openjdk-amd64/lib/libnet.so
7f52959bc000-7f52959bd000 rw-p 00016000 103:02 1966428                   /usr/lib/jvm/java-17-openjdk-amd64/lib/libnet.so
7f52959bd000-7f52959c3000 r--p 00000000 103:02 1966429                   /usr/lib/jvm/java-17-openjdk-amd64/lib/libnio.so
7f52959c3000-7f52959cc000 r-xp 00006000 103:02 1966429                   /usr/lib/jvm/java-17-openjdk-amd64/lib/libnio.so
7f52959cc000-7f52959d0000 r--p 0000f000 103:02 1966429                   /usr/lib/jvm/java-17-openjdk-amd64/lib/libnio.so
7f52959d0000-7f52959d1000 r--p 00013000 103:02 1966429                   /usr/lib/jvm/java-17-openjdk-amd64/lib/libnio.so
7f52959d1000-7f52959d2000 rw-p 00014000 103:02 1966429                   /usr/lib/jvm/java-17-openjdk-amd64/lib/libnio.so
7f52959d2000-7f52959d3000 r--p 00000000 103:02 1966407                   /usr/lib/jvm/java-17-openjdk-amd64/lib/libdt_socket.so
7f52959d3000-7f52959d6000 r-xp 00001000 103:02 1966407                   /usr/lib/jvm/java-17-openjdk-amd64/lib/libdt_socket.so
7f52959d6000-7f52959d7000 r--p 00004000 103:02 1966407                   /usr/lib/jvm/java-17-openjdk-amd64/lib/libdt_socket.so
7f52959d7000-7f52959d8000 r--p 00005000 103:02 1966407                   /usr/lib/jvm/java-17-openjdk-amd64/lib/libdt_socket.so
7f52959d8000-7f52959d9000 rw-p 00006000 103:02 1966407                   /usr/lib/jvm/java-17-openjdk-amd64/lib/libdt_socket.so
7f52959d9000-7f52959e5000 r--p 00000000 103:02 1966415                   /usr/lib/jvm/java-17-openjdk-amd64/lib/libjava.so
7f52959e5000-7f52959f7000 r-xp 0000c000 103:02 1966415                   /usr/lib/jvm/java-17-openjdk-amd64/lib/libjava.so
7f52959f7000-7f52959fd000 r--p 0001e000 103:02 1966415                   /usr/lib/jvm/java-17-openjdk-amd64/lib/libjava.so
7f52959fd000-7f52959fe000 r--p 00023000 103:02 1966415                   /usr/lib/jvm/java-17-openjdk-amd64/lib/libjava.so
7f52959fe000-7f52959ff000 rw-p 00024000 103:02 1966415                   /usr/lib/jvm/java-17-openjdk-amd64/lib/libjava.so
7f52959ff000-7f5295a00000 rw-p 00000000 00:00 0 
7f5295a00000-7f5295a22000 r--p 00000000 103:02 1072624                   /usr/lib/x86_64-linux-gnu/libc.so.6
7f5295a22000-7f5295b9a000 r-xp 00022000 103:02 1072624                   /usr/lib/x86_64-linux-gnu/libc.so.6
7f5295b9a000-7f5295bf2000 r--p 0019a000 103:02 1072624                   /usr/lib/x86_64-linux-gnu/libc.so.6
7f5295bf2000-7f5295bf6000 r--p 001f1000 103:02 1072624                   /usr/lib/x86_64-linux-gnu/libc.so.6
7f5295bf6000-7f5295bf8000 rw-p 001f5000 103:02 1072624                   /usr/lib/x86_64-linux-gnu/libc.so.6
7f5295bf8000-7f5295c05000 rw-p 00000000 00:00 0 
7f5295c09000-7f5295c10000 r--s 00000000 103:02 1074285                   /usr/lib/x86_64-linux-gnu/gconv/gconv-modules.cache
7f5295c10000-7f5295c15000 rw-p 00000000 00:00 0 
7f5295c15000-7f5295c1c000 ---p 00000000 00:00 0 
7f5295c1c000-7f5295c24000 rw-s 00000000 103:02 3673026                   /tmp/hsperfdata_antonio/8969
7f5295c24000-7f5295c27000 r--p 00000000 103:02 1966417                   /usr/lib/jvm/java-17-openjdk-amd64/lib/libjdwp.so
7f5295c27000-7f5295c55000 r-xp 00003000 103:02 1966417                   /usr/lib/jvm/java-17-openjdk-amd64/lib/libjdwp.so
7f5295c55000-7f5295c63000 r--p 00031000 103:02 1966417                   /usr/lib/jvm/java-17-openjdk-amd64/lib/libjdwp.so
7f5295c63000-7f5295c64000 r--p 0003e000 103:02 1966417                   /usr/lib/jvm/java-17-openjdk-amd64/lib/libjdwp.so
7f5295c64000-7f5295c65000 rw-p 0003f000 103:02 1966417                   /usr/lib/jvm/java-17-openjdk-amd64/lib/libjdwp.so
7f5295c65000-7f5295c66000 rw-p 00000000 00:00 0 
7f5295c66000-7f5295c69000 r--p 00000000 103:02 1072753                   /usr/lib/x86_64-linux-gnu/libgcc_s.so.1
7f5295c69000-7f5295c84000 r-xp 00003000 103:02 1072753                   /usr/lib/x86_64-linux-gnu/libgcc_s.so.1
7f5295c84000-7f5295c88000 r--p 0001e000 103:02 1072753                   /usr/lib/x86_64-linux-gnu/libgcc_s.so.1
7f5295c88000-7f5295c89000 r--p 00021000 103:02 1072753                   /usr/lib/x86_64-linux-gnu/libgcc_s.so.1
7f5295c89000-7f5295c8a000 rw-p 00022000 103:02 1072753                   /usr/lib/x86_64-linux-gnu/libgcc_s.so.1
7f5295c8a000-7f5295c8d000 rw-p 00000000 00:00 0 
7f5295c8d000-7f5295c90000 r--p 00000000 103:02 1073270                   /usr/lib/x86_64-linux-gnu/libz.so.1.2.13
7f5295c90000-7f5295ca2000 r-xp 00003000 103:02 1073270                   /usr/lib/x86_64-linux-gnu/libz.so.1.2.13
7f5295ca2000-7f5295ca9000 r--p 00015000 103:02 1073270                   /usr/lib/x86_64-linux-gnu/libz.so.1.2.13
7f5295ca9000-7f5295caa000 r--p 0001b000 103:02 1073270                   /usr/lib/x86_64-linux-gnu/libz.so.1.2.13
7f5295caa000-7f5295cab000 rw-p 0001c000 103:02 1073270                   /usr/lib/x86_64-linux-gnu/libz.so.1.2.13
7f5295caf000-7f5295cb0000 ---p 00000000 00:00 0 
7f5295cb0000-7f5295cb1000 r--p 00000000 00:00 0 
7f5295cb1000-7f5295cb2000 ---p 00000000 00:00 0 
7f5295cb2000-7f5295cb4000 r--p 00000000 103:02 1966418                   /usr/lib/jvm/java-17-openjdk-amd64/lib/libjimage.so
7f5295cb4000-7f5295cb7000 r-xp 00002000 103:02 1966418                   /usr/lib/jvm/java-17-openjdk-amd64/lib/libjimage.so
7f5295cb7000-7f5295cb8000 r--p 00005000 103:02 1966418                   /usr/lib/jvm/java-17-openjdk-amd64/lib/libjimage.so
7f5295cb8000-7f5295cb9000 r--p 00006000 103:02 1966418                   /usr/lib/jvm/java-17-openjdk-amd64/lib/libjimage.so
7f5295cb9000-7f5295cba000 rw-p 00007000 103:02 1966418                   /usr/lib/jvm/java-17-openjdk-amd64/lib/libjimage.so
7f5295cba000-7f5295cbc000 r--p 00000000 103:02 1966419                   /usr/lib/jvm/java-17-openjdk-amd64/lib/libjli.so
7f5295cbc000-7f5295cc6000 r-xp 00002000 103:02 1966419                   /usr/lib/jvm/java-17-openjdk-amd64/lib/libjli.so
7f5295cc6000-7f5295cc9000 r--p 0000c000 103:02 1966419                   /usr/lib/jvm/java-17-openjdk-amd64/lib/libjli.so
7f5295cc9000-7f5295cca000 r--p 0000e000 103:02 1966419                   /usr/lib/jvm/java-17-openjdk-amd64/lib/libjli.so
7f5295cca000-7f5295ccb000 rw-p 0000f000 103:02 1966419                   /usr/lib/jvm/java-17-openjdk-amd64/lib/libjli.so
7f5295ccb000-7f5295ccd000 rw-p 00000000 00:00 0 
7f5295ccd000-7f5295cce000 r--p 00000000 103:02 1072442                   /usr/lib/x86_64-linux-gnu/ld-linux-x86-64.so.2
7f5295cce000-7f5295cf6000 r-xp 00001000 103:02 1072442                   /usr/lib/x86_64-linux-gnu/ld-linux-x86-64.so.2
7f5295cf6000-7f5295d00000 r--p 00029000 103:02 1072442                   /usr/lib/x86_64-linux-gnu/ld-linux-x86-64.so.2
7f5295d00000-7f5295d02000 r--p 00033000 103:02 1072442                   /usr/lib/x86_64-linux-gnu/ld-linux-x86-64.so.2
7f5295d02000-7f5295d04000 rw-p 00035000 103:02 1072442                   /usr/lib/x86_64-linux-gnu/ld-linux-x86-64.so.2
7ffe4c443000-7ffe4c465000 rw-p 00000000 00:00 0                          [stack]
7ffe4c4c6000-7ffe4c4ca000 r--p 00000000 00:00 0                          [vvar]
7ffe4c4ca000-7ffe4c4cc000 r-xp 00000000 00:00 0                          [vdso]
ffffffffff600000-ffffffffff601000 --xp 00000000 00:00 0                  [vsyscall]


VM Arguments:
jvm_args: -agentlib:jdwp=transport=dt_socket,server=y,suspend=y,quiet=n -Duser.dir=/home/antonio/Programming/Scala/Typelevel/fs2-io_uring 
java_command: sbt.ForkMain 33543
java_class_path (initial): /home/antonio/Programming/Scala/Typelevel/fs2-io_uring/.bloop/uringJVM/bloop-bsp-clients-classes/test-classes-Metals-tBWvfpC2R1qPaYPy-U1v4A==:/home/antonio/Programming/Scala/Typelevel/fs2-io_uring/.bloop/uringJVM/bloop-bsp-clients-classes/classes-Metals-tBWvfpC2R1qPaYPy-U1v4A==:/home/antonio/.cache/coursier/v1/https/repo1.maven.org/maven2/org/scala-lang/scala-library/2.13.10/scala-library-2.13.10.jar:/home/antonio/.cache/coursier/v1/https/repo1.maven.org/maven2/org/typelevel/cats-effect_2.13/3.6-0142603/cats-effect_2.13-3.6-0142603.jar:/home/antonio/.cache/coursier/v1/https/repo1.maven.org/maven2/co/fs2/fs2-io_2.13/3.7.0/fs2-io_2.13-3.7.0.jar:/home/antonio/.cache/coursier/v1/https/repo1.maven.org/maven2/org/typelevel/munit-cats-effect_2.13/2.0.0-M3/munit-cats-effect_2.13-2.0.0-M3.jar:/home/antonio/.cache/coursier/v1/https/repo1.maven.org/maven2/io/netty/incubator/netty-incubator-transport-native-io_uring/0.0.21.Final/netty-incubator-transport-native-io_uring-0.0.21.Final-linux-x86_64.jar:/home/antonio/.cache/coursier/v1/https/repo1.maven.org/maven2/org/typelevel/cats-effect-kernel_2.13/3.6-0142603/cats-effect-kernel_2.13-3.6-0142603.jar:/home/antonio/.cache/coursier/v1/https/repo1.maven.org/maven2/org/typelevel/cats-effect-std_2.13/3.6-0142603/cats-effect-std_2.13-3.6-0142603.jar:/home/antonio/.cache/coursier/v1/https/repo1.maven.org/maven2/co/fs2/fs2-core_2.13/3.7.0/fs2-core_2.13-3.7.0.jar:/home/antonio/.cache/coursier/v1/https/repo1.maven.org/maven2/com/comcast/ip4s-core_2.13/3.3.0/ip4s-core_2.13-3.3.0.jar:/home/antonio/.cache/coursier/v1/https/repo1.maven.org/maven2/org/scalameta/munit_2.13/1.0.0-M6/munit_2.13-1.0.0-M6.jar:/home/antonio/.cache/coursier/v1/https/repo1.maven.org/maven2/io/netty/incubator/netty-incubator-transport-classes-io_uring/0.0.21.Final/netty-incubator-transport-classes-io_uring-0.0.21.Final.jar:/home/antonio/.cache/coursier/v1/https/repo1.maven.org/maven2/org/typelevel/cats-core_2.13/2.9.0/cats-core_2.13-2.9.0.ja
Launcher Type: SUN_STANDARD

[Global flags]
     intx CICompilerCount                          = 4                                         {product} {ergonomic}
     uint ConcGCThreads                            = 2                                         {product} {ergonomic}
     uint G1ConcRefinementThreads                  = 8                                         {product} {ergonomic}
   size_t G1HeapRegionSize                         = 2097152                                   {product} {ergonomic}
    uintx GCDrainStackTargetSize                   = 64                                        {product} {ergonomic}
   size_t InitialHeapSize                          = 260046848                                 {product} {ergonomic}
   size_t MarkStackSize                            = 4194304                                   {product} {ergonomic}
   size_t MaxHeapSize                              = 4158652416                                {product} {ergonomic}
   size_t MaxNewSize                               = 2493513728                                {product} {ergonomic}
   size_t MinHeapDeltaBytes                        = 2097152                                   {product} {ergonomic}
   size_t MinHeapSize                              = 8388608                                   {product} {ergonomic}
    uintx NonNMethodCodeHeapSize                   = 5839372                                {pd product} {ergonomic}
    uintx NonProfiledCodeHeapSize                  = 122909434                              {pd product} {ergonomic}
    uintx ProfiledCodeHeapSize                     = 122909434                              {pd product} {ergonomic}
    uintx ReservedCodeCacheSize                    = 251658240                              {pd product} {ergonomic}
     bool SegmentedCodeCache                       = true                                      {product} {ergonomic}
   size_t SoftMaxHeapSize                          = 4158652416                             {manageable} {ergonomic}
     bool UseCompressedClassPointers               = true                           {product lp64_product} {ergonomic}
     bool UseCompressedOops                        = true                           {product lp64_product} {ergonomic}
     bool UseG1GC                                  = true                                      {product} {ergonomic}

Logging:
Log output configuration:
 #0: stdout all=warning uptime,level,tags
 #1: stderr all=off uptime,level,tags

Environment Variables:
JAVA_HOME=/usr/lib/jvm/java-17-openjdk-amd64/
PATH=/usr/local/sbin:/usr/local/bin:/usr/sbin:/usr/bin:/sbin:/bin:/usr/games:/usr/local/games:/snap/bin:/snap/bin:/home/antonio/.local/share/coursier/bin:/home/antonio/.local/share/coursier/bin
USERNAME=antonio
SHELL=/bin/bash
DISPLAY=:0
LANG=en_US.UTF-8

Active Locale:
LC_ALL=en_US.UTF-8
LC_COLLATE=en_US.UTF-8
LC_CTYPE=en_US.UTF-8
LC_MESSAGES=en_US.UTF-8
LC_MONETARY=en_US.UTF-8
LC_NUMERIC=en_US.UTF-8
LC_TIME=en_US.UTF-8

Signal Handlers:
   SIGSEGV: crash_handler in libjvm.so, mask=11100100010111111101111111111110, flags=SA_RESTART|SA_SIGINFO, unblocked
    SIGBUS: crash_handler in libjvm.so, mask=11100100010111111101111111111110, flags=SA_RESTART|SA_SIGINFO, unblocked
    SIGFPE: crash_handler in libjvm.so, mask=11100100010111111101111111111110, flags=SA_RESTART|SA_SIGINFO, unblocked
   SIGPIPE: javaSignalHandler in libjvm.so, mask=11100100010111111101111111111110, flags=SA_RESTART|SA_SIGINFO, blocked
   SIGXFSZ: javaSignalHandler in libjvm.so, mask=11100100010111111101111111111110, flags=SA_RESTART|SA_SIGINFO, blocked
    SIGILL: crash_handler in libjvm.so, mask=11100100010111111101111111111110, flags=SA_RESTART|SA_SIGINFO, unblocked
   SIGUSR2: SR_handler in libjvm.so, mask=00100000000000000000000000000000, flags=SA_RESTART|SA_SIGINFO, blocked
    SIGHUP: UserHandler in libjvm.so, mask=11100100010111111101111111111110, flags=SA_RESTART|SA_SIGINFO, blocked
    SIGINT: UserHandler in libjvm.so, mask=11100100010111111101111111111110, flags=SA_RESTART|SA_SIGINFO, blocked
   SIGTERM: UserHandler in libjvm.so, mask=11100100010111111101111111111110, flags=SA_RESTART|SA_SIGINFO, blocked
   SIGQUIT: UserHandler in libjvm.so, mask=11100100010111111101111111111110, flags=SA_RESTART|SA_SIGINFO, blocked
   SIGTRAP: crash_handler in libjvm.so, mask=11100100010111111101111111111110, flags=SA_RESTART|SA_SIGINFO, unblocked


---------------  S Y S T E M  ---------------

OS:
DISTRIB_ID=Ubuntu
DISTRIB_RELEASE=23.04
DISTRIB_CODENAME=lunar
DISTRIB_DESCRIPTION="Ubuntu 23.04"
uname: Linux 6.2.0-26-generic #26-Ubuntu SMP PREEMPT_DYNAMIC Mon Jul 10 23:39:54 UTC 2023 x86_64
OS uptime: 0 days 1:10 hours
libc: glibc 2.37 NPTL 2.37 
rlimit (soft/hard): STACK 8192k/infinity , CORE 0k/infinity , NPROC 63121/63121 , NOFILE 1048576/1048576 , AS infinity/infinity , CPU infinity/infinity , DATA infinity/infinity , FSIZE infinity/infinity , MEMLOCK 2030188k/2030188k
load average: 4.85 4.29 4.82

/proc/meminfo:
MemTotal:       16241528 kB
MemFree:         6777444 kB
MemAvailable:    9738900 kB
Buffers:          107464 kB
Cached:          3577316 kB
SwapCached:            0 kB
Active:          1069368 kB
Inactive:        7386124 kB
Active(anon):       4076 kB
Inactive(anon):  5296692 kB
Active(file):    1065292 kB
Inactive(file):  2089432 kB
Unevictable:      476784 kB
Mlocked:              64 kB
SwapTotal:       4194300 kB
SwapFree:        4194300 kB
Zswap:                 0 kB
Zswapped:              0 kB
Dirty:               188 kB
Writeback:             0 kB
AnonPages:       5247632 kB
Mapped:           894504 kB
Shmem:            547584 kB
KReclaimable:     125384 kB
Slab:             285052 kB
SReclaimable:     125384 kB
SUnreclaim:       159668 kB
KernelStack:       21840 kB
PageTables:        51860 kB
SecPageTables:         0 kB
NFS_Unstable:          0 kB
Bounce:                0 kB
WritebackTmp:          0 kB
CommitLimit:    12315064 kB
Committed_AS:   16092828 kB
VmallocTotal:   34359738367 kB
VmallocUsed:      118800 kB
VmallocChunk:          0 kB
Percpu:             6048 kB
HardwareCorrupted:     0 kB
AnonHugePages:      2048 kB
ShmemHugePages:        0 kB
ShmemPmdMapped:        0 kB
FileHugePages:         0 kB
FilePmdMapped:         0 kB
HugePages_Total:       0
HugePages_Free:        0
HugePages_Rsvd:        0
HugePages_Surp:        0
Hugepagesize:       2048 kB
Hugetlb:               0 kB
DirectMap4k:      379380 kB
DirectMap2M:     7890944 kB
DirectMap1G:     8388608 kB

/sys/kernel/mm/transparent_hugepage/enabled: always [madvise] never
/sys/kernel/mm/transparent_hugepage/defrag (defrag/compaction efforts parameter): always defer defer+madvise [madvise] never

Process Memory:
Virtual Size: 8613960K (peak: 8613960K)
Resident Set Size: 172172K (peak: 172172K) (anon: 142092K, file: 30080K, shmem: 0K)
Swapped out: 0K
C-Heap outstanding allocations: 61705K, retained: 12622K
glibc malloc tunables: (default)

/proc/sys/kernel/threads-max (system-wide limit on the number of threads): 126243
/proc/sys/vm/max_map_count (maximum number of memory map areas a process may have): 65530
/proc/sys/kernel/pid_max (system-wide limit on number of process identifiers): 4194304

container (cgroup) information:
container_type: cgroupv2
cpu_cpuset_cpus: not supported
cpu_memory_nodes: not supported
active_processor_count: 8
cpu_quota: not supported
cpu_period: not supported
cpu_shares: not supported
memory_limit_in_bytes: unlimited
memory_and_swap_limit_in_bytes: unlimited
memory_soft_limit_in_bytes: unlimited
memory_usage_in_bytes: 4508120 k
memory_max_usage_in_bytes: not supported
memory_swap_current_in_bytes: unlimited
memory_swap_max_limit_in_bytes: unlimited
maximum number of tasks: 18936
current number of tasks: 370

Steal ticks since vm start: 0
Steal ticks percentage since vm start:  0.000

CPU: total 8 (initial active 8) (4 cores per cpu, 2 threads per core) family 6 model 142 stepping 10 microcode 0xf0, cx8, cmov, fxsr, ht, mmx, 3dnowpref, sse, sse2, sse3, ssse3, sse4.1, sse4.2, popcnt, lzcnt, tsc, tscinvbit, avx, avx2, aes, erms, clmul, bmi1, bmi2, adx, fma, vzeroupper, clflush, clflushopt
CPU Model and flags from /proc/cpuinfo:
model name	: Intel(R) Core(TM) i7-8550U CPU @ 1.80GHz
flags		: fpu vme de pse tsc msr pae mce cx8 apic sep mtrr pge mca cmov pat pse36 clflush dts acpi mmx fxsr sse sse2 ss ht tm pbe syscall nx pdpe1gb rdtscp lm constant_tsc art arch_perfmon pebs bts rep_good nopl xtopology nonstop_tsc cpuid aperfmperf pni pclmulqdq dtes64 monitor ds_cpl vmx est tm2 ssse3 sdbg fma cx16 xtpr pdcm pcid sse4_1 sse4_2 x2apic movbe popcnt tsc_deadline_timer aes xsave avx f16c rdrand lahf_lm abm 3dnowprefetch cpuid_fault epb invpcid_single pti ssbd ibrs ibpb stibp tpr_shadow vnmi flexpriority ept vpid ept_ad fsgsbase tsc_adjust bmi1 avx2 smep bmi2 erms invpcid mpx rdseed adx smap clflushopt intel_pt xsaveopt xsavec xgetbv1 xsaves dtherm ida arat pln pts hwp hwp_notify hwp_act_window hwp_epp md_clear flush_l1d arch_capabilities

Online cpus: 0-7
Offline cpus: 
BIOS frequency limitation: <Not Available>
Frequency switch latency (ns): 0
Available cpu frequencies: <Not Available>
Current governor: powersave
Core performance/turbo boost: <Not Available>

Memory: 4k page, physical 16241528k(6777444k free), swap 4194300k(4194300k free)
Page Sizes: 4k

vm_info: OpenJDK 64-Bit Server VM (17.0.7+7-Ubuntu-0ubuntu123.04) for linux-amd64 JRE (17.0.7+7-Ubuntu-0ubuntu123.04), built on May  6 2023 14:43:58 by "buildd" with gcc 12.2.0

END.
